DontDestroyOnLoad only work for root GameObjects or components on root GameObjects.
[Log]Cursor Escaped
DontDestroyOnLoad only work for root GameObjects or components on root GameObjects.
[Log]Ver. 1.0.1.1
[Log]Creating Form...
[Log]Form Created, Adding Fields...
[Log]Fields Added
[Log]Opening WWW...
NullReferenceException: Object reference not set to an instance of an object
NullReferenceException: Object reference not set to an instance of an object
NullReferenceException: Object reference not set to an instance of an object
NullReferenceException: Object reference not set to an instance of an object
NullReferenceException: Object reference not set to an instance of an object
NullReferenceException: Object reference not set to an instance of an object
NullReferenceException: Object reference not set to an instance of an object
NullReferenceException: Object reference not set to an instance of an object
NullReferenceException: Object reference not set to an instance of an object
NullReferenceException: Object reference not set to an instance of an object
NullReferenceException: Object reference not set to an instance of an object
NullReferenceException: Object reference not set to an instance of an object
NullReferenceException: Object reference not set to an instance of an object
NullReferenceException: Object reference not set to an instance of an object
NullReferenceException: Object reference not set to an instance of an object
NullReferenceException: Object reference not set to an instance of an object
NullReferenceException: Object reference not set to an instance of an object
NullReferenceException: Object reference not set to an instance of an object
NullReferenceException: Object reference not set to an instance of an object
[Log]Test Ok
[Log]Checking D:\Kyle Brannon\Documents\Railserve\MergedProject\Assets\XML\429D73B97F626CB7CB819F8BF7A77812\429D73B97F626CB7CB819F8BF7A77812_03062019.xml
[Log]Uploading D:\Kyle Brannon\Documents\Railserve\MergedProject\Assets\XML\429D73B97F626CB7CB819F8BF7A77812\429D73B97F626CB7CB819F8BF7A77812_03062019.xml
[Log]File 429D73B97F626CB7CB819F8BF7A77812_03062019.xml uploaded successfully. File is valid, and was successfully moved. 

NullReferenceException: Object reference not set to an instance of an object
NullReferenceException: Object reference not set to an instance of an object
NullReferenceException: Object reference not set to an instance of an object
NullReferenceException: Object reference not set to an instance of an object
NullReferenceException: Object reference not set to an instance of an object
NullReferenceException: Object reference not set to an instance of an object
NullReferenceException: Object reference not set to an instance of an object
NullReferenceException: Object reference not set to an instance of an object
NullReferenceException: Object reference not set to an instance of an object
NullReferenceException: Object reference not set to an instance of an object
NullReferenceException: Object reference not set to an instance of an object
NullReferenceException: Object reference not set to an instance of an object
NullReferenceException: Object reference not set to an instance of an object
NullReferenceException: Object reference not set to an instance of an object
NullReferenceException: Object reference not set to an instance of an object
NullReferenceException: Object reference not set to an instance of an object
[Log]Got this user -- Successfully connected!UserID:1109|First Name:Kyle|Last Name:Brannon|Gender:2|Username:KyleBrannon1337|Training Status: 72|Game Factors: 15-0, 0; 21-0, 0; 28-0, 0; 36-0, 0; 43-0, 0|
[Log]Successfully connected!UserID:1109|First Name:Kyle|Last Name:Brannon|Gender:2|Username:KyleBrannon1337|Training Status: 72|Game Factors: 15-0, 0; 21-0, 0; 28-0, 0; 36-0, 0; 43-0, 0|
[Log]Current Username: kylebrannon1337 Current First Name: Kyle Current Last Name: Brannon
[Log]The file 429D73B97F626CB7CB819F8BF7A77812_05142019.xml not exists.
[Log]Retrieving Data from Local
[Log]The file 429D73B97F626CB7CB819F8BF7A77812_03062019_s.xml exists.
Rewired: Only one Rewired Input Manager may exist in a scene. This additional Rewired Input Manager game object will be deleted. You may see this warning if you are loading a new level that contains a Rewired Input Manager. If that's the case, you can safely ignore this warning. This warning will never be logged in a build.
72
[Log]Menu procedureStatus read as: 45
[Log]dataLoader userName: kylebrannon1337 | gender: 2 | procedureStatus: 72 | Game Factors:  15-0, 0; 21-0, 0; 28-0, 0; 36-0, 0; 43-0, 0
[Log]Cursor No Longer Escaped
Leaving Scene: 
Loading Scene: MainMenu
[Warning]No MovieTexture found on Plane. Skipping movie.
[Log]30:72
[Log]51:72
[Log]61:72
[Log]21:72
[Log]40:72
[Log]63:72
[Log]Uber procedure active state set to True
[Log]11:72
