[Log]Cursor Escaped
DontDestroyOnLoad only work for root GameObjects or components on root GameObjects.
[Log]Ver. 1.0.1.1
[Log]Creating Form...
[Log]Form Created, Adding Fields...
[Log]Fields Added
[Log]Opening WWW...
NullReferenceException: Object reference not set to an instance of an object
NullReferenceException: Object reference not set to an instance of an object
NullReferenceException: Object reference not set to an instance of an object
NullReferenceException: Object reference not set to an instance of an object
NullReferenceException: Object reference not set to an instance of an object
NullReferenceException: Object reference not set to an instance of an object
NullReferenceException: Object reference not set to an instance of an object
NullReferenceException: Object reference not set to an instance of an object
NullReferenceException: Object reference not set to an instance of an object
NullReferenceException: Object reference not set to an instance of an object
NullReferenceException: Object reference not set to an instance of an object
NullReferenceException: Object reference not set to an instance of an object
NullReferenceException: Object reference not set to an instance of an object
NullReferenceException: Object reference not set to an instance of an object
NullReferenceException: Object reference not set to an instance of an object
NullReferenceException: Object reference not set to an instance of an object
NullReferenceException: Object reference not set to an instance of an object
NullReferenceException: Object reference not set to an instance of an object
NullReferenceException: Object reference not set to an instance of an object
NullReferenceException: Object reference not set to an instance of an object
NullReferenceException: Object reference not set to an instance of an object
NullReferenceException: Object reference not set to an instance of an object
NullReferenceException: Object reference not set to an instance of an object
NullReferenceException: Object reference not set to an instance of an object
NullReferenceException: Object reference not set to an instance of an object
NullReferenceException: Object reference not set to an instance of an object
NullReferenceException: Object reference not set to an instance of an object
NullReferenceException: Object reference not set to an instance of an object
NullReferenceException: Object reference not set to an instance of an object
NullReferenceException: Object reference not set to an instance of an object
NullReferenceException: Object reference not set to an instance of an object
NullReferenceException: Object reference not set to an instance of an object
NullReferenceException: Object reference not set to an instance of an object
NullReferenceException: Object reference not set to an instance of an object
NullReferenceException: Object reference not set to an instance of an object
NullReferenceException: Object reference not set to an instance of an object
NullReferenceException: Object reference not set to an instance of an object
NullReferenceException: Object reference not set to an instance of an object
[Log]Test Ok
[Log]Checking C:\Users\Ray\Documents\Railserve\MergedProject\Assets\XML\EB0A191797624DD3A48FA681D3061212\EB0A191797624DD3A48FA681D3061212_12192018_s.xml
NullReferenceException: Object reference not set to an instance of an object
NullReferenceException: Object reference not set to an instance of an object
NullReferenceException: Object reference not set to an instance of an object
NullReferenceException: Object reference not set to an instance of an object
NullReferenceException: Object reference not set to an instance of an object
NullReferenceException: Object reference not set to an instance of an object
NullReferenceException: Object reference not set to an instance of an object
NullReferenceException: Object reference not set to an instance of an object
NullReferenceException: Object reference not set to an instance of an object
[Log]Got this user -- Successfully connected!UserID:1|First Name:Master|Last Name:Account|Gender:1|Username:Master|Training Status: 72|Game Factors: 15-26.666666666668, 15; 21-27.272727272728, 22; 28-38.095244047619, 42; 36-10.344827586206, 29; 43-10.000002, 40|
[Log]Successfully connected!UserID:1|First Name:Master|Last Name:Account|Gender:1|Username:Master|Training Status: 72|Game Factors: 15-26.666666666668, 15; 21-27.272727272728, 22; 28-38.095244047619, 42; 36-10.344827586206, 29; 43-10.000002, 40|
[Log]Current Username: master Current First Name: Master Current Last Name: Account
[Log]The file EB0A191797624DD3A48FA681D3061212_05162019.xml exists.
[Log]Retrieving Data from Local
[Log]The file EB0A191797624DD3A48FA681D3061212_05162019.xml exists.
Rewired: Only one Rewired Input Manager may exist in a scene. This additional Rewired Input Manager game object will be deleted. You may see this warning if you are loading a new level that contains a Rewired Input Manager. If that's the case, you can safely ignore this warning. This warning will never be logged in a build.
72
[Log]Menu procedureStatus read as: 45
[Log]dataLoader userName: master | gender: 1 | procedureStatus: 72 | Game Factors:  15-26.666666666668, 15; 21-27.272727272728, 22; 28-38.095244047619, 42; 36-10.344827586206, 29; 43-10.000002, 40
[Log]Cursor No Longer Escaped
Leaving Scene: 
Loading Scene: MainMenu
[Warning]No MovieTexture found on Plane. Skipping movie.
[Log]63:72
[Log]Confetti 1 (1) procedure active state set to True
[Log]63:72
[Log]Confetti 2 procedure active state set to True
[Log]63:72
[Log]Confetti 1 (2) procedure active state set to True
[Log]63:72
[Log]63:72
[Log]63:72
[Log]63:72
[Log]Confetti 1 procedure active state set to True
[Log]11:72
[Log]61:72
[Log]51:72
[Log]30:72
[Log]21:72
[Log]63:72
[Log]Uber procedure active state set to True
[Log]40:72

Left clicked object: Walls at position (0.0, 0.0, 2.0)
72
[Log]Menu procedureStatus read as: 45

Rotation: (0.0, 0.7, 0.0, 0.7)

Rotation: (0.0, 0.7, 0.0, 0.7)

Rotation: (0.0, 0.7, 0.0, 0.7)

Rotation: (0.0, 0.7, 0.0, 0.7)

Rotation: (0.0, 0.7, 0.0, 0.7)

Rotation: (0.0, 0.7, 0.0, 0.7)

Rotation: (0.0, 0.7, 0.0, 0.7)

Rotation: (0.0, 0.7, 0.0, 0.8)

Rotation: (0.0, 0.7, 0.0, 0.8)

Rotation: (0.0, 0.6, 0.0, 0.8)

Rotation: (0.0, 0.6, 0.0, 0.8)

Rotation: (0.0, 0.6, 0.0, 0.8)

Rotation: (0.0, 0.6, 0.0, 0.8)

Rotation: (0.0, 0.6, 0.0, 0.8)

Rotation: (0.0, 0.6, 0.0, 0.8)

Rotation: (0.0, 0.6, 0.0, 0.8)

Rotation: (0.0, 0.6, 0.0, 0.8)

Rotation: (0.0, 0.6, 0.0, 0.8)

Rotation: (0.0, 0.6, 0.0, 0.8)

Rotation: (0.0, 0.6, 0.0, 0.8)

Rotation: (0.0, 0.6, 0.0, 0.8)

Rotation: (0.0, 0.6, 0.0, 0.8)

Rotation: (0.0, 0.6, 0.0, 0.8)

Left clicked object: Walls at position (0.0, 0.0, 2.0)

Rotation: (0.0, 0.6, 0.0, 0.8)

Rotation: (0.0, 0.6, 0.0, 0.8)

Rotation: (0.0, 0.7, 0.0, 0.8)

Rotation: (0.0, 0.7, 0.0, 0.7)

Rotation: (0.0, 0.7, 0.0, 0.7)

Rotation: (0.0, 0.7, 0.0, 0.7)

Rotation: (0.0, 0.7, 0.0, 0.7)

Rotation: (0.0, 0.7, 0.0, 0.7)

Rotation: (0.0, 0.7, 0.0, 0.7)

Rotation: (0.0, 0.7, 0.0, 0.7)

Rotation: (0.0, 0.7, 0.0, 0.7)

Rotation: (0.0, 0.7, 0.0, 0.7)

Rotation: (0.0, 0.8, 0.0, 0.7)

Rotation: (0.0, 0.8, 0.0, 0.7)

Rotation: (0.0, 0.8, 0.0, 0.7)

Rotation: (0.0, 0.8, 0.0, 0.7)

Left clicked object: Walls at position (0.0, 0.0, 2.0)
PAGE 3 IS OPEN

Rotation: (0.0, 0.8, 0.0, 0.7)

Rotation: (0.0, 0.8, 0.0, 0.6)

Rotation: (0.0, 0.8, 0.0, 0.6)

Rotation: (0.0, 0.8, 0.0, 0.6)

Rotation: (0.0, 0.8, 0.0, 0.6)

Rotation: (0.0, 0.8, 0.0, 0.6)

Left clicked object: Walls at position (0.0, 0.0, 2.0)

Rotation: (0.0, 0.8, 0.0, 0.6)

Rotation: (0.0, 0.8, 0.0, 0.6)

Rotation: (0.0, 0.8, 0.0, 0.6)

Rotation: (0.0, 0.8, 0.0, 0.6)

Rotation: (0.0, 0.8, 0.0, 0.6)

Rotation: (0.0, 0.8, 0.0, 0.6)

Left clicked object: Walls at position (0.0, 0.0, 2.0)

Rotation: (0.0, 0.8, 0.0, 0.6)

Rotation: (0.0, 0.8, 0.0, 0.6)

Rotation: (0.0, 0.8, 0.0, 0.6)

Rotation: (0.0, 0.8, 0.0, 0.6)

Rotation: (0.0, 0.8, 0.0, 0.6)

Rotation: (0.0, 0.8, 0.0, 0.6)

Rotation: (0.0, 0.8, 0.0, 0.6)

Rotation: (0.0, 0.8, 0.0, 0.6)
Left clicked object: Walls at position (0.0, 0.0, 2.0)
[Log]Check Database Connection...
[Log]Opening WWW...
[Log]Connection is Good!
[Log]Pushing Messages
[Log]Attempted to push no messages
[Log]Cursor Escaped
Leaving Scene: 
Loading Scene: LO_Refueling
[Log]Checking for Dupes
[Log]4
[Log]Check Database Connection...
[Log]Opening WWW...
[Log]Connection is Good!
[Log]Pushing Messages
[Log]0: 5/16/2019 5:34:02 PM | Training Started
[Log]The file EB0A191797624DD3A48FA681D3061212_05162019.xml exists.
[Log]Creating Form...
[Log]Form Created, Adding Fields...
[Log]Opening WWW...
[Log]events were inserted!
[Log]Successfully connected!Your data was recorded into eventtable

Left clicked object: Floor Collider at position (55.0, -0.5, 23.0)
