[Log]Cursor Escaped
DontDestroyOnLoad only work for root GameObjects or components on root GameObjects.
[Log]Ver. 1.0.1.1
[Log]Creating Form...
[Log]Form Created, Adding Fields...
[Log]Fields Added
[Log]Opening WWW...
NullReferenceException: Object reference not set to an instance of an object
NullReferenceException: Object reference not set to an instance of an object
NullReferenceException: Object reference not set to an instance of an object
NullReferenceException: Object reference not set to an instance of an object
NullReferenceException: Object reference not set to an instance of an object
NullReferenceException: Object reference not set to an instance of an object
NullReferenceException: Object reference not set to an instance of an object
NullReferenceException: Object reference not set to an instance of an object
NullReferenceException: Object reference not set to an instance of an object
NullReferenceException: Object reference not set to an instance of an object
NullReferenceException: Object reference not set to an instance of an object
NullReferenceException: Object reference not set to an instance of an object
NullReferenceException: Object reference not set to an instance of an object
NullReferenceException: Object reference not set to an instance of an object
[Log]Test Ok
[Log]Checking C:\Users\Ray\Documents\Railserve\MergedProject\Assets\XML\EB0A191797624DD3A48FA681D3061212\EB0A191797624DD3A48FA681D3061212_12192018_s.xml
NullReferenceException: Object reference not set to an instance of an object
NullReferenceException: Object reference not set to an instance of an object
NullReferenceException: Object reference not set to an instance of an object
NullReferenceException: Object reference not set to an instance of an object
NullReferenceException: Object reference not set to an instance of an object
NullReferenceException: Object reference not set to an instance of an object
NullReferenceException: Object reference not set to an instance of an object
NullReferenceException: Object reference not set to an instance of an object
NullReferenceException: Object reference not set to an instance of an object
NullReferenceException: Object reference not set to an instance of an object
[Log]Got this user -- Successfully connected!UserID:1|First Name:Master|Last Name:Account|Gender:1|Username:Master|Training Status: 72|Game Factors: 15-26.666666666668, 15; 21-27.272727272728, 22; 28-38.095244047619, 42; 36-10.714285714285, 28; 43-7.8947389473684, 38|
[Log]Successfully connected!UserID:1|First Name:Master|Last Name:Account|Gender:1|Username:Master|Training Status: 72|Game Factors: 15-26.666666666668, 15; 21-27.272727272728, 22; 28-38.095244047619, 42; 36-10.714285714285, 28; 43-7.8947389473684, 38|
[Log]Current Username: master Current First Name: Master Current Last Name: Account
[Log]The file EB0A191797624DD3A48FA681D3061212_05082019.xml exists.
[Log]Retrieving Data from Local
[Log]The file EB0A191797624DD3A48FA681D3061212_05082019.xml exists.
Rewired: Only one Rewired Input Manager may exist in a scene. This additional Rewired Input Manager game object will be deleted. You may see this warning if you are loading a new level that contains a Rewired Input Manager. If that's the case, you can safely ignore this warning. This warning will never be logged in a build.
72
[Log]Menu procedureStatus read as: 45
[Log]dataLoader userName: master | gender: 1 | procedureStatus: 72 | Game Factors:  15-26.666666666668, 15; 21-27.272727272728, 22; 28-38.095244047619, 42; 36-10.714285714285, 28; 43-7.8947389473684, 38
[Log]Cursor No Longer Escaped
Leaving Scene: 
Loading Scene: MainMenu
[Warning]No MovieTexture found on Plane. Skipping movie.
[Log]11:72
[Log]61:72
[Log]51:72
[Log]30:72
[Log]21:72
[Log]63:72
[Log]40:72

Rotation: (0.0, 0.7, 0.0, 0.7)

Left clicked object: Walls at position (0.0, 0.0, 2.0)
72
[Log]Menu procedureStatus read as: 45

Rotation: (0.0, 0.7, 0.0, 0.7)

Rotation: (0.0, 0.7, 0.0, 0.7)

Rotation: (0.0, 0.7, 0.0, 0.7)

Rotation: (0.0, 0.7, 0.0, 0.7)

Rotation: (0.0, 0.7, 0.0, 0.7)

Rotation: (0.0, 0.7, 0.0, 0.7)

Rotation: (0.0, 0.7, 0.0, 0.8)

Rotation: (0.0, 0.7, 0.0, 0.8)

Left clicked object: Walls at position (0.0, 0.0, 2.0)

Rotation: (0.0, 0.7, 0.0, 0.8)
Left clicked object: Walls at position (0.0, 0.0, 2.0)

Rotation: (0.0, 0.7, 0.0, 0.8)

Rotation: (0.0, 0.7, 0.0, 0.8)

Rotation: (0.0, 0.7, 0.0, 0.8)

Rotation: (0.0, 0.7, 0.0, 0.7)

Rotation: (0.0, 0.7, 0.0, 0.7)

Rotation: (0.0, 0.7, 0.0, 0.7)

Rotation: (0.0, 0.7, 0.0, 0.7)

Rotation: (0.0, 0.7, 0.0, 0.7)

Rotation: (0.0, 0.7, 0.0, 0.7)

Rotation: (0.0, 0.7, 0.0, 0.7)

Rotation: (0.0, 0.7, 0.0, 0.7)

Rotation: (0.0, 0.7, 0.0, 0.7)

Rotation: (0.0, 0.8, 0.0, 0.7)

Rotation: (0.0, 0.8, 0.0, 0.7)

Rotation: (0.0, 0.8, 0.0, 0.7)

Rotation: (0.0, 0.8, 0.0, 0.7)

Rotation: (0.0, 0.8, 0.0, 0.6)

Rotation: (0.0, 0.8, 0.0, 0.6)

Rotation: (0.0, 0.8, 0.0, 0.6)

Rotation: (0.0, 0.8, 0.0, 0.6)

Rotation: (0.0, 0.8, 0.0, 0.6)

Rotation: (0.0, 0.8, 0.0, 0.6)

Rotation: (0.0, 0.8, 0.0, 0.6)

Rotation: (0.0, 0.8, 0.0, 0.6)

Rotation: (0.0, 0.8, 0.0, 0.6)

Rotation: (0.0, 0.8, 0.0, 0.6)

Left clicked object: Walls at position (0.0, 0.0, 2.0)

Rotation: (0.0, 0.8, 0.0, 0.6)

Rotation: (0.0, 0.8, 0.0, 0.6)

Rotation: (0.0, 0.8, 0.0, 0.6)

Rotation: (0.0, 0.8, 0.0, 0.6)

Left clicked object: Walls at position (0.0, 0.0, 2.0)
PAGE 3 IS OPEN

Rotation: (0.0, 0.8, 0.0, 0.6)

Rotation: (0.0, 0.8, 0.0, 0.6)

Rotation: (0.0, 0.8, 0.0, 0.6)

Rotation: (0.0, 0.8, 0.0, 0.6)

Rotation: (0.0, 0.8, 0.0, 0.6)

Rotation: (0.0, 0.7, 0.0, 0.7)

Rotation: (0.0, 0.7, 0.0, 0.7)

Rotation: (0.0, 0.7, 0.0, 0.7)

Rotation: (0.0, 0.7, 0.0, 0.7)

Rotation: (0.0, 0.7, 0.0, 0.7)

Rotation: (0.0, 0.7, 0.0, 0.7)

Rotation: (0.0, 0.7, 0.0, 0.7)

Rotation: (0.0, 0.7, 0.0, 0.7)

Rotation: (0.0, 0.7, 0.0, 0.7)

Rotation: (0.0, 0.7, 0.0, 0.7)

Rotation: (0.0, 0.7, 0.0, 0.7)

Rotation: (0.0, 0.7, 0.0, 0.7)

Rotation: (0.0, 0.7, 0.0, 0.7)

Rotation: (0.0, 0.7, 0.0, 0.7)

Rotation: (0.0, 0.7, 0.0, 0.8)

Rotation: (0.0, 0.6, 0.0, 0.8)

Rotation: (0.0, 0.6, 0.0, 0.8)

Rotation: (0.0, 0.6, 0.0, 0.8)

Rotation: (0.0, 0.6, 0.0, 0.8)

Rotation: (0.0, 0.6, 0.0, 0.8)

Rotation: (0.0, 0.6, 0.0, 0.8)

Rotation: (0.0, 0.6, 0.0, 0.8)
Left clicked object: Walls at position (0.0, 0.0, 2.0)

Rotation: (0.0, 0.6, 0.0, 0.8)

Rotation: (0.0, 0.6, 0.0, 0.8)

Rotation: (0.0, 0.6, 0.0, 0.8)
Left clicked object: Walls at position (0.0, 0.0, 2.0)

Rotation: (0.0, 0.6, 0.0, 0.8)

Left clicked object: Walls at position (0.0, 0.0, 2.0)

Rotation: (0.0, 0.6, 0.0, 0.8)

Rotation: (0.0, 0.6, 0.0, 0.8)
Left clicked object: Walls at position (0.0, 0.0, 2.0)

Rotation: (0.0, 0.6, 0.0, 0.8)

Rotation: (0.0, 0.6, 0.0, 0.8)

Rotation: (0.0, 0.6, 0.0, 0.8)

Rotation: (0.0, 0.6, 0.0, 0.8)
Left clicked object: Walls at position (0.0, 0.0, 2.0)

Rotation: (0.0, 0.6, 0.0, 0.8)

Rotation: (0.0, 0.6, 0.0, 0.8)

Rotation: (0.0, 0.6, 0.0, 0.8)

Rotation: (0.0, 0.6, 0.0, 0.8)

Rotation: (0.0, 0.6, 0.0, 0.8)

Rotation: (0.0, 0.6, 0.0, 0.8)

Rotation: (0.0, 0.6, 0.0, 0.8)

Rotation: (0.0, 0.6, 0.0, 0.8)

Rotation: (0.0, 0.6, 0.0, 0.8)

Rotation: (0.0, 0.6, 0.0, 0.8)

Rotation: (0.0, 0.6, 0.0, 0.8)

Rotation: (0.0, 0.7, 0.0, 0.8)

Rotation: (0.0, 0.7, 0.0, 0.8)

Rotation: (0.0, 0.7, 0.0, 0.7)

Rotation: (0.0, 0.7, 0.0, 0.7)

Rotation: (0.0, 0.7, 0.0, 0.7)

Rotation: (0.0, 0.7, 0.0, 0.7)

Rotation: (0.0, 0.7, 0.0, 0.7)

Rotation: (0.0, 0.7, 0.0, 0.7)

Rotation: (0.0, 0.7, 0.0, 0.7)

Rotation: (0.0, 0.8, 0.0, 0.7)

Rotation: (0.0, 0.8, 0.0, 0.6)

Rotation: (0.0, 0.8, 0.0, 0.6)
Left clicked object: Walls at position (0.0, 0.0, 2.0)
[Log]Check Database Connection...
[Log]Opening WWW...
[Log]Connection is Good!
[Log]Pushing Messages
[Log]Attempted to push no messages

Rotation: (0.0, 0.8, 0.0, 0.6)
Rewired: Only one Rewired Input Manager may exist in a scene. This additional Rewired Input Manager game object will be deleted. You may see this warning if you are loading a new level that contains a Rewired Input Manager. If that's the case, you can safely ignore this warning. This warning will never be logged in a build.
[Log]Cursor No Longer Escaped
Mesh 'tankwagon_part1' has more materials (2) than subsets (1)
Leaving Scene: 
Loading Scene: GM_Comms_Emergencies
[Log]MessageHolder Counter: 0
[Log]Checking for Dupes
[Log]15
[Log]Write Training Started
[Log]Check Database Connection...
[Log]Opening WWW...

Rotation: (0.0, 0.5, 0.0, 0.8)

Rotation: (0.0, 0.5, 0.0, 0.8)
[Log]Connection is Good!
[Log]Pushing Messages
[Log]0: 5/8/2019 5:14:22 PM | Training Started
[Log]The file EB0A191797624DD3A48FA681D3061212_05082019.xml exists.
[Log]Creating Form...
[Log]Form Created, Adding Fields...
[Log]Opening WWW...
[Log]events were inserted!
[Log]Successfully connected!Your data was recorded into eventtable

Rotation: (0.0, 0.5, 0.0, 0.8)

Rotation: (0.0, 0.5, 0.0, 0.8)

Rotation: (0.0, 0.5, 0.0, 0.9)

Rotation: (0.0, 0.5, 0.0, 0.9)

Rotation: (0.0, 0.5, 0.0, 0.9)

Rotation: (0.0, 0.5, 0.0, 0.9)

Rotation: (0.0, 0.5, 0.0, 0.8)

Rotation: (0.0, 0.6, 0.0, 0.8)

Rotation: (0.0, 0.6, 0.0, 0.8)

Rotation: (0.0, 0.6, 0.0, 0.8)

Rotation: (0.0, 0.6, 0.0, 0.8)

Rotation: (0.0, 0.6, 0.0, 0.8)

Rotation: (0.0, 0.6, 0.0, 0.8)

Rotation: (0.0, 0.6, 0.0, 0.8)

Rotation: (0.0, 0.6, 0.0, 0.8)

Rotation: (0.0, 0.6, 0.0, 0.8)

Rotation: (0.0, 0.6, 0.0, 0.8)

Rotation: (0.0, 0.6, 0.0, 0.8)

Rotation: (0.0, 0.6, 0.0, 0.8)

Rotation: (0.0, 0.6, 0.0, 0.8)

Rotation: (0.0, 0.6, 0.0, 0.8)

Rotation: (0.0, 0.6, 0.0, 0.8)

Rotation: (0.0, 0.6, 0.0, 0.8)

Rotation: (0.0, 0.6, 0.0, 0.8)

Rotation: (0.0, 0.6, 0.0, 0.8)

Rotation: (0.0, 0.6, 0.0, 0.8)

Rotation: (0.0, 0.6, 0.0, 0.8)

Rotation: (0.0, 0.6, 0.0, 0.8)

Rotation: (0.0, 0.6, 0.0, 0.8)

Rotation: (0.0, 0.5, 0.0, 0.8)

Rotation: (0.0, 0.5, 0.0, 0.8)

Rotation: (0.0, 0.5, 0.0, 0.8)

Rotation: (0.0, 0.5, 0.0, 0.8)

Rotation: (0.0, 0.5, 0.0, 0.9)

Rotation: (0.0, 0.5, 0.0, 0.9)

Position: (4.5, 1.0, 1.6)

Position: (4.5, 1.0, 1.6)
Rotation: (0.0, 0.5, 0.0, 0.9)

Position: (4.5, 1.0, 1.6)

Position: (4.5, 1.0, 1.6)

Position: (4.5, 1.0, 1.6)
Rotation: (0.0, 0.5, 0.0, 0.9)

Position: (4.5, 1.0, 1.6)
Rotation: (0.0, 0.5, 0.0, 0.9)

Position: (4.5, 1.0, 1.6)
Rotation: (0.0, 0.5, 0.0, 0.9)

Position: (4.5, 1.0, 1.6)
Rotation: (0.0, 0.5, 0.0, 0.9)

Position: (4.6, 1.0, 1.7)
Rotation: (0.0, 0.5, 0.0, 0.9)

Position: (4.7, 1.0, 1.7)
Rotation: (0.0, 0.5, 0.0, 0.9)

Position: (4.9, 1.0, 1.8)
Rotation: (0.0, 0.5, 0.0, 0.9)

Position: (5.0, 1.0, 1.9)

Position: (5.2, 1.0, 2.0)

Position: (5.4, 1.0, 2.1)

Position: (5.6, 1.0, 2.2)

Position: (5.7, 1.0, 2.3)
Rotation: (0.0, 0.5, 0.0, 0.9)

Position: (5.9, 1.0, 2.4)

Position: (6.2, 1.0, 2.5)

Position: (6.4, 1.0, 2.6)

Position: (6.6, 1.0, 2.7)

Position: (6.8, 1.0, 2.8)

Position: (7.0, 1.0, 2.9)

Position: (7.2, 1.0, 3.0)

Position: (7.4, 1.0, 3.1)

Position: (7.6, 1.0, 3.3)

Position: (7.8, 1.0, 3.4)

Position: (8.0, 1.0, 3.5)

Position: (8.2, 1.0, 3.6)

Position: (8.4, 1.0, 3.7)

Position: (8.6, 1.0, 3.8)

Position: (8.8, 1.0, 3.9)

Position: (9.0, 1.0, 4.0)

Position: (9.2, 1.0, 4.1)

Position: (9.4, 1.0, 4.3)

Position: (9.6, 1.0, 4.4)

Position: (9.8, 1.0, 4.5)

Position: (10.0, 1.0, 4.6)
Rotation: (0.0, 0.5, 0.0, 0.9)

Position: (10.2, 1.0, 4.7)

Position: (10.4, 1.0, 4.8)

Position: (10.6, 1.0, 4.9)

Position: (10.7, 1.0, 4.9)

Position: (10.7, 1.0, 5.0)

Position: (10.7, 1.0, 5.0)

Position: (10.8, 1.0, 5.0)

Position: (10.8, 1.0, 5.0)

Position: (10.9, 1.0, 5.1)

Position: (10.9, 1.0, 5.1)

Position: (11.0, 1.0, 5.1)
Opened radio wheel
Opened radio wheel
[Log]Cursor Escaped

Position: (11.0, 1.0, 5.1)

Position: (11.1, 1.0, 5.2)

Position: (11.1, 1.0, 5.2)

Position: (11.1, 1.0, 5.2)

Position: (11.1, 1.0, 5.2)

Position: (11.1, 1.0, 5.2)

Position: (11.1, 1.0, 5.2)

Position: (11.1, 1.0, 5.2)

Position: (11.1, 1.0, 5.2)

Position: (11.1, 1.0, 5.2)

Position: (11.1, 1.0, 5.2)

Position: (11.1, 1.0, 5.2)

Position: (11.1, 1.0, 5.2)
[Log]Cursor No Longer Escaped

Position: (11.1, 1.0, 5.2)

Position: (11.1, 1.0, 5.2)

Position: (11.1, 1.0, 5.2)

Position: (11.2, 1.0, 5.2)

Position: (11.2, 1.0, 5.2)

Position: (11.3, 1.0, 5.3)

Position: (11.3, 1.0, 5.3)

Position: (11.4, 1.0, 5.3)

Position: (11.4, 1.0, 5.3)

Position: (11.4, 1.0, 5.4)

Position: (11.5, 1.0, 5.4)

Position: (11.5, 1.0, 5.4)

Position: (11.6, 1.0, 5.4)

Position: (11.6, 1.0, 5.5)

Position: (11.8, 1.0, 5.6)

Position: (12.0, 1.0, 5.7)

Position: (12.2, 1.0, 5.8)

Position: (12.4, 1.0, 5.9)

Position: (12.6, 1.0, 6.0)

Position: (12.8, 1.0, 6.1)

Position: (13.0, 1.0, 6.2)

Position: (13.2, 1.0, 6.4)

Position: (13.4, 1.0, 6.5)

Position: (13.6, 1.0, 6.6)

Position: (13.9, 1.0, 6.7)

Position: (14.1, 1.0, 6.8)

Position: (14.3, 1.0, 6.9)

Position: (14.3, 1.0, 6.9)

Position: (14.5, 1.0, 7.0)

Position: (14.7, 1.0, 7.1)

Position: (14.9, 1.0, 7.2)

Position: (15.1, 1.0, 7.3)

Position: (15.3, 1.0, 7.5)

Position: (15.5, 1.0, 7.6)

Position: (15.7, 1.0, 7.7)

Position: (15.9, 1.0, 7.8)

Position: (16.1, 1.0, 7.9)

Position: (16.3, 1.0, 8.0)

Position: (16.5, 1.0, 8.1)

Position: (16.7, 1.0, 8.2)

Position: (16.7, 1.0, 8.3)

Position: (16.8, 1.0, 8.3)

Position: (16.8, 1.0, 8.3)

Position: (16.9, 1.0, 8.3)

Position: (16.9, 1.0, 8.3)

Position: (16.9, 1.0, 8.4)
Rotation: (0.0, 0.5, 0.0, 0.9)

Position: (16.9, 1.0, 8.4)
Rotation: (0.0, 0.5, 0.0, 0.9)

Position: (17.0, 1.0, 8.4)
Rotation: (0.0, 0.5, 0.0, 0.9)

Position: (17.0, 1.0, 8.5)
Rotation: (0.0, 0.6, 0.0, 0.8)

Position: (17.1, 1.0, 8.5)
Rotation: (0.0, 0.6, 0.0, 0.8)

Position: (17.1, 1.0, 8.6)
Rotation: (0.0, 0.7, 0.0, 0.7)

Position: (17.1, 1.0, 8.6)
Rotation: (0.0, 0.7, 0.0, 0.7)

Position: (17.2, 1.0, 8.6)
Rotation: (0.0, 0.7, 0.0, 0.7)

Position: (17.2, 1.0, 8.7)
Rotation: (0.0, 0.8, 0.0, 0.6)

Position: (17.3, 1.0, 8.7)
Rotation: (0.0, 0.8, 0.0, 0.6)

Position: (17.3, 1.0, 8.7)
Rotation: (0.0, 0.8, 0.0, 0.5)

Position: (17.4, 1.0, 8.7)
Rotation: (0.0, 0.9, 0.0, 0.5)

Position: (17.4, 1.0, 8.7)
Rotation: (0.0, 0.9, 0.0, 0.5)

Position: (17.4, 1.0, 8.8)
Rotation: (0.0, 0.9, 0.0, 0.4)

Position: (17.5, 1.0, 8.8)
Rotation: (0.0, 0.9, 0.0, 0.4)

Position: (17.5, 1.0, 8.8)
Rotation: (0.0, 0.9, 0.0, 0.3)

Position: (17.6, 1.0, 8.8)

Position: (17.7, 1.0, 8.8)

Position: (17.7, 1.0, 8.8)

Position: (17.7, 1.0, 8.8)

Position: (17.8, 1.0, 8.8)
Rotation: (0.0, 0.9, 0.0, 0.3)

Position: (17.8, 1.0, 8.8)

Position: (17.8, 1.0, 8.8)

Position: (17.9, 1.0, 8.8)

Position: (18.0, 1.0, 8.8)

Position: (18.0, 1.0, 8.8)

Position: (18.1, 1.0, 8.8)

Position: (18.1, 1.0, 8.8)

Position: (18.1, 1.0, 8.7)

Position: (18.2, 1.0, 8.7)

Position: (18.3, 1.0, 8.7)

Position: (18.3, 1.0, 8.7)

Position: (18.3, 1.0, 8.7)

Position: (18.4, 1.0, 8.7)
Rotation: (0.0, 0.9, 0.0, 0.3)

Position: (18.4, 1.0, 8.7)
Rotation: (0.0, 0.9, 0.0, 0.3)

Position: (18.5, 1.0, 8.7)
Rotation: (0.0, 0.9, 0.0, 0.3)

Position: (18.5, 1.0, 8.7)
Rotation: (0.0, 0.9, 0.0, 0.3)

Position: (18.6, 1.0, 8.7)
Rotation: (0.0, 1.0, 0.0, 0.3)

Position: (18.6, 1.0, 8.7)
Rotation: (0.0, 1.0, 0.0, 0.3)

Position: (18.7, 1.0, 8.7)
Rotation: (0.0, 1.0, 0.0, 0.3)

Position: (18.7, 1.0, 8.7)
Rotation: (0.0, 1.0, 0.0, 0.3)

Position: (18.8, 1.0, 8.7)
Rotation: (0.0, 1.0, 0.0, 0.3)

Position: (18.8, 1.0, 8.7)
Rotation: (0.0, 1.0, 0.0, 0.3)

Position: (18.9, 1.0, 8.7)
Rotation: (0.0, 1.0, 0.0, 0.2)

Position: (19.0, 1.0, 8.6)
Rotation: (0.0, 1.0, 0.0, 0.2)

Position: (19.0, 1.0, 8.6)
Rotation: (0.0, 1.0, 0.0, 0.2)

Position: (19.1, 1.0, 8.6)
Rotation: (0.0, 1.0, 0.0, 0.1)

Position: (19.1, 1.0, 8.6)

Position: (19.1, 1.0, 8.6)

Position: (19.2, 1.0, 8.6)

Position: (19.2, 1.0, 8.5)
Rotation: (0.0, 1.0, 0.0, 0.1)

Position: (19.3, 1.0, 8.5)
Rotation: (0.0, 1.0, 0.0, 0.1)

Position: (19.3, 1.0, 8.5)
Rotation: (0.0, 1.0, 0.0, 0.1)

Position: (19.3, 1.0, 8.5)
Rotation: (0.0, 1.0, 0.0, 0.1)

Position: (19.3, 1.0, 8.5)
Rotation: (0.0, 1.0, 0.0, 0.1)

Position: (19.4, 1.0, 8.5)

Position: (19.4, 1.0, 8.4)

Position: (19.5, 1.0, 8.4)

Position: (19.5, 1.0, 8.4)

Position: (19.5, 1.0, 8.4)

Position: (19.5, 1.0, 8.4)

Position: (19.5, 1.0, 8.4)
Left clicked object: SL at position (19.7, 0.0, 7.0)
[Log]Beginning cutscene -Good Morning-

Position: (19.5, 1.0, 8.4)

Position: (19.5, 1.0, 8.4)
Rotation: (0.0, 1.0, 0.0, 0.1)

Rotation: (0.0, 1.0, 0.0, 0.1)

Rotation: (0.0, 1.0, 0.0, 0.1)

Rotation: (0.0, 1.0, 0.0, 0.1)

Rotation: (0.0, 1.0, 0.0, 0.2)

Rotation: (0.0, 1.0, 0.0, 0.2)

Rotation: (0.0, 1.0, 0.0, 0.2)

Rotation: (0.0, 1.0, 0.0, 0.2)

Rotation: (0.0, 1.0, 0.0, 0.2)

Rotation: (0.0, 1.0, 0.0, 0.2)

Rotation: (0.0, 1.0, 0.0, 0.1)

Rotation: (0.0, 1.0, 0.0, 0.1)

Rotation: (0.0, 1.0, 0.0, 0.1)

Rotation: (0.0, 1.0, 0.0, 0.1)

Rotation: (0.0, 1.0, 0.0, 0.1)

Rotation: (0.0, 1.0, 0.0, 0.2)

Rotation: (0.0, 1.0, 0.0, 0.2)

Rotation: (0.0, 1.0, 0.0, 0.2)

Rotation: (0.0, 1.0, 0.0, 0.2)

Rotation: (0.0, 1.0, 0.0, 0.3)

Rotation: (0.0, 0.9, 0.0, 0.3)

Rotation: (0.0, 0.9, 0.0, 0.3)

Rotation: (0.0, 0.9, 0.0, 0.3)

Rotation: (0.0, 0.9, 0.0, 0.3)

Rotation: (0.0, 0.9, 0.0, 0.3)

Rotation: (0.0, 0.9, 0.0, 0.3)

Rotation: (0.0, 0.9, 0.0, 0.3)

Rotation: (0.0, 0.9, 0.0, 0.3)

Rotation: (0.0, 0.9, 0.0, 0.3)

Rotation: (0.0, 1.0, 0.0, 0.3)

Rotation: (0.0, 1.0, 0.0, 0.3)

Rotation: (0.0, 1.0, 0.0, 0.3)

Rotation: (0.0, 1.0, 0.0, 0.3)

Rotation: (0.0, 1.0, 0.0, 0.3)

Rotation: (0.0, 1.0, 0.0, 0.3)

Rotation: (0.0, 1.0, 0.0, 0.3)

Rotation: (0.0, 1.0, 0.0, 0.3)

Rotation: (0.0, 1.0, 0.0, 0.3)

Rotation: (0.0, 0.9, 0.0, 0.3)

Rotation: (0.0, 0.9, 0.0, 0.3)

Rotation: (0.0, 0.9, 0.0, 0.4)

Rotation: (0.0, 0.9, 0.0, 0.4)

Rotation: (0.0, 0.9, 0.0, 0.4)

Rotation: (0.0, 0.9, 0.0, 0.4)

Rotation: (0.0, 0.9, 0.0, 0.3)

Rotation: (0.0, 0.9, 0.0, 0.3)

Rotation: (0.0, 1.0, 0.0, 0.3)

Rotation: (0.0, 0.9, 0.0, 0.3)

Rotation: (0.0, 0.9, 0.0, 0.3)

Rotation: (0.0, 0.9, 0.0, 0.3)

Rotation: (0.0, 0.9, 0.0, 0.3)

Rotation: (0.0, 0.9, 0.0, 0.3)

Rotation: (0.0, 1.0, 0.0, 0.3)

Rotation: (0.0, 1.0, 0.0, 0.3)

Rotation: (0.0, 1.0, 0.0, 0.3)

Rotation: (0.0, 1.0, 0.0, 0.3)

Rotation: (0.0, 1.0, 0.0, 0.3)

Rotation: (0.0, 1.0, 0.0, 0.3)

Rotation: (0.0, 1.0, 0.0, 0.3)

Rotation: (0.0, 1.0, 0.0, 0.3)

Rotation: (0.0, 1.0, 0.0, 0.3)

Rotation: (0.0, 1.0, 0.0, 0.3)

Rotation: (0.0, 1.0, 0.0, 0.3)

Rotation: (0.0, 1.0, 0.0, 0.3)

Rotation: (0.0, 1.0, 0.0, 0.3)

Rotation: (0.0, 1.0, 0.0, 0.3)

Rotation: (0.0, 1.0, 0.0, 0.3)

Rotation: (0.0, 1.0, 0.0, 0.3)

Rotation: (0.0, 1.0, 0.0, 0.3)

Rotation: (0.0, 1.0, 0.0, 0.3)

Rotation: (0.0, 1.0, 0.0, 0.2)

Rotation: (0.0, 1.0, 0.0, 0.2)

Rotation: (0.0, 1.0, 0.0, 0.2)

Rotation: (0.0, 1.0, 0.0, 0.2)

Rotation: (0.0, 1.0, 0.0, 0.2)

Rotation: (0.0, 1.0, 0.0, 0.2)

Position: (19.5, 1.0, 8.4)
Rotation: (0.0, 1.0, 0.0, 0.2)

Position: (19.5, 1.0, 8.4)
Rotation: (0.0, 1.0, 0.0, 0.2)

Position: (19.5, 1.0, 8.4)
Rotation: (0.0, 1.0, 0.0, 0.2)

Position: (19.5, 1.0, 8.4)
Rotation: (0.0, 1.0, 0.0, 0.2)

Position: (19.5, 1.0, 8.4)
Rotation: (0.0, 1.0, 0.0, 0.2)

Position: (19.5, 1.0, 8.4)

Position: (19.5, 1.0, 8.4)

Position: (19.5, 1.0, 8.4)

Position: (19.5, 1.0, 8.4)

Position: (19.5, 1.0, 8.4)

Position: (19.5, 1.0, 8.4)

Position: (19.5, 1.0, 8.4)

Position: (19.5, 1.0, 8.4)

Position: (19.5, 1.0, 8.4)

Position: (19.5, 1.0, 8.4)

Position: (19.5, 1.0, 8.4)

Position: (19.5, 1.0, 8.4)

Position: (19.5, 1.0, 8.4)

Position: (19.5, 1.0, 8.4)

Position: (19.5, 1.0, 8.4)

Position: (19.5, 1.0, 8.4)

Position: (19.5, 1.0, 8.4)

Position: (19.5, 1.0, 8.4)

Position: (19.5, 1.0, 8.4)

Position: (19.5, 1.0, 8.4)

Position: (19.5, 1.0, 8.4)

Position: (19.5, 1.0, 8.4)

Position: (19.5, 1.0, 8.4)

Position: (19.5, 1.0, 8.4)

Position: (19.5, 1.0, 8.4)

Position: (19.5, 1.0, 8.4)

Position: (19.5, 1.0, 8.4)

Position: (19.5, 1.0, 8.4)

Position: (19.5, 1.0, 8.4)

Position: (19.5, 1.0, 8.4)

Position: (19.5, 1.0, 8.4)

Position: (19.5, 1.0, 8.4)

Position: (19.5, 1.0, 8.4)

Position: (19.5, 1.0, 8.4)

Position: (19.5, 1.0, 8.4)

Position: (19.5, 1.0, 8.4)
Rotation: (0.0, 1.0, 0.0, 0.2)

Position: (19.5, 1.0, 8.4)
Rotation: (0.0, 1.0, 0.0, 0.2)

Position: (19.5, 1.0, 8.4)
Rotation: (0.0, 1.0, 0.0, 0.2)

Position: (19.5, 1.0, 8.4)
Rotation: (0.0, 1.0, 0.0, 0.2)

Position: (19.5, 1.0, 8.4)
Rotation: (0.0, 1.0, 0.0, 0.2)

Position: (19.5, 1.0, 8.4)
Rotation: (0.0, 1.0, 0.0, 0.2)

Position: (19.5, 1.0, 8.4)

Position: (19.5, 1.0, 8.4)
Rotation: (0.0, 1.0, 0.0, 0.2)

Position: (19.5, 1.0, 8.4)

Position: (19.5, 1.0, 8.4)

Position: (19.5, 1.0, 8.4)

Position: (19.5, 1.0, 8.4)

Position: (19.5, 1.0, 8.4)

Position: (19.5, 1.0, 8.4)

Position: (19.5, 1.0, 8.4)

Position: (19.5, 1.0, 8.4)

Position: (19.5, 1.0, 8.4)

Position: (19.5, 1.0, 8.4)

Position: (19.5, 1.0, 8.4)

Position: (19.5, 1.0, 8.4)

Position: (19.5, 1.0, 8.4)

Position: (19.5, 1.0, 8.4)

Position: (19.5, 1.0, 8.4)

Position: (19.5, 1.0, 8.4)

Position: (19.5, 1.0, 8.4)

Position: (19.5, 1.0, 8.4)

Position: (19.5, 1.0, 8.4)

Position: (19.5, 1.0, 8.4)

Position: (19.5, 1.0, 8.4)

Position: (19.5, 1.0, 8.4)

Position: (19.5, 1.0, 8.4)

Position: (19.5, 1.0, 8.4)

Position: (19.5, 1.0, 8.4)

Position: (19.5, 1.0, 8.4)

Position: (19.5, 1.0, 8.4)

Position: (19.5, 1.0, 8.4)

Position: (19.5, 1.0, 8.4)

Position: (19.5, 1.0, 8.4)

Position: (19.5, 1.0, 8.4)

Position: (19.5, 1.0, 8.4)

Position: (19.5, 1.0, 8.4)

Position: (19.5, 1.0, 8.4)

Position: (19.5, 1.0, 8.4)

Position: (19.5, 1.0, 8.4)

Position: (19.5, 1.0, 8.4)

Position: (19.5, 1.0, 8.4)

Position: (19.5, 1.0, 8.4)

Position: (19.5, 1.0, 8.4)

Position: (19.5, 1.0, 8.4)

Position: (19.5, 1.0, 8.4)

Position: (19.5, 1.0, 8.4)

Position: (19.5, 1.0, 8.4)

Position: (19.5, 1.0, 8.4)

Position: (19.5, 1.0, 8.4)

Position: (19.5, 1.0, 8.4)
Rotation: (0.0, 1.0, 0.0, 0.2)

Position: (19.5, 1.0, 8.4)
Rotation: (0.0, 1.0, 0.0, 0.2)

Position: (19.5, 1.0, 8.4)
Rotation: (0.0, 1.0, 0.0, 0.2)

Position: (19.5, 1.0, 8.4)
Rotation: (0.0, 1.0, 0.0, 0.2)

Position: (19.5, 1.0, 8.4)
Rotation: (0.0, 1.0, 0.0, 0.3)

Position: (19.5, 1.0, 8.4)
Rotation: (0.0, 1.0, 0.0, 0.3)

Position: (19.5, 1.0, 8.4)
Rotation: (0.0, 1.0, 0.0, 0.3)

Position: (19.5, 1.0, 8.4)
Rotation: (0.0, 1.0, 0.0, 0.3)

Position: (19.5, 1.0, 8.4)
Rotation: (0.0, 1.0, 0.0, 0.3)

Position: (19.5, 1.0, 8.4)
Rotation: (0.0, 0.9, 0.0, 0.3)

Position: (19.5, 1.0, 8.4)
Rotation: (0.0, 0.9, 0.0, 0.3)

Position: (19.5, 1.0, 8.4)
Rotation: (0.0, 0.9, 0.0, 0.4)

Position: (19.5, 1.0, 8.4)
Rotation: (0.0, 0.9, 0.0, 0.4)

Position: (19.5, 1.0, 8.4)
Rotation: (0.0, 0.9, 0.0, 0.4)

Position: (19.5, 1.0, 8.4)
Rotation: (0.0, 0.9, 0.0, 0.4)

Position: (19.5, 1.0, 8.4)

Position: (19.5, 1.0, 8.4)

Position: (19.5, 1.0, 8.4)

Position: (19.5, 1.0, 8.4)

Position: (19.5, 1.0, 8.4)

Position: (19.5, 1.0, 8.4)

Position: (19.5, 1.0, 8.4)

Position: (19.5, 1.0, 8.4)

Position: (19.5, 1.0, 8.4)

Position: (19.5, 1.0, 8.4)

Position: (19.5, 1.0, 8.4)

Position: (19.5, 1.0, 8.4)

Position: (19.5, 1.0, 8.4)

Position: (19.5, 1.0, 8.4)

Position: (19.5, 1.0, 8.4)

Position: (19.5, 1.0, 8.4)

Position: (19.5, 1.0, 8.4)

Position: (19.5, 1.0, 8.4)

Position: (19.5, 1.0, 8.4)

Position: (19.5, 1.0, 8.4)

Position: (19.5, 1.0, 8.4)

Position: (19.5, 1.0, 8.4)

Position: (19.5, 1.0, 8.4)

Position: (19.5, 1.0, 8.4)

Position: (19.5, 1.0, 8.4)

Position: (19.5, 1.0, 8.4)

Position: (19.5, 1.0, 8.4)

Position: (19.5, 1.0, 8.4)

Position: (19.5, 1.0, 8.4)

Position: (19.5, 1.0, 8.4)

Position: (19.5, 1.0, 8.4)

Position: (19.6, 1.0, 8.4)

Position: (19.6, 1.0, 8.4)

Position: (19.6, 1.0, 8.4)
Rotation: (0.0, 0.9, 0.0, 0.4)

Position: (19.6, 1.0, 8.4)
Rotation: (0.0, 0.9, 0.0, 0.4)

Position: (19.6, 1.0, 8.5)
Rotation: (0.0, 0.9, 0.0, 0.4)

Position: (19.6, 1.0, 8.5)
Rotation: (0.0, 0.9, 0.0, 0.4)

Position: (19.7, 1.0, 8.5)
Rotation: (0.0, 0.9, 0.0, 0.4)

Position: (19.7, 1.0, 8.5)
Rotation: (0.0, 0.9, 0.0, 0.5)

Position: (19.7, 1.0, 8.5)
Rotation: (0.0, 0.9, 0.0, 0.5)

Position: (19.7, 1.0, 8.6)
Rotation: (0.0, 0.8, 0.0, 0.6)

Position: (19.7, 1.0, 8.6)
Rotation: (0.0, 0.8, 0.0, 0.6)

Position: (19.7, 1.0, 8.6)
Rotation: (0.0, 0.8, 0.0, 0.6)

Position: (19.8, 1.0, 8.6)

Position: (19.8, 1.0, 8.7)

Position: (19.8, 1.0, 8.7)

Position: (19.8, 1.0, 8.7)
Rotation: (0.0, 0.8, 0.0, 0.6)

Position: (19.8, 1.0, 8.7)
Rotation: (0.0, 0.8, 0.0, 0.6)

Position: (19.8, 1.0, 8.8)
Rotation: (0.0, 0.8, 0.0, 0.6)

Position: (19.8, 1.0, 8.8)
Rotation: (0.0, 0.8, 0.0, 0.6)

Position: (19.8, 1.0, 8.8)
Rotation: (0.0, 0.8, 0.0, 0.6)

Position: (19.9, 1.0, 8.9)
Rotation: (0.0, 0.8, 0.0, 0.6)

Position: (19.9, 1.0, 8.9)
Rotation: (0.0, 0.8, 0.0, 0.6)

Position: (19.9, 1.0, 8.9)
Rotation: (0.0, 0.8, 0.0, 0.6)

Position: (19.9, 1.0, 8.9)
Rotation: (0.0, 0.8, 0.0, 0.5)

Position: (20.0, 1.0, 9.0)
Rotation: (0.0, 0.8, 0.0, 0.5)

Position: (20.0, 1.0, 9.0)
Rotation: (0.0, 0.9, 0.0, 0.5)

Position: (20.0, 1.0, 9.0)
Rotation: (0.0, 0.9, 0.0, 0.5)

Position: (20.0, 1.0, 9.0)
Rotation: (0.0, 0.9, 0.0, 0.5)

Position: (20.1, 1.0, 9.1)
Rotation: (0.0, 0.9, 0.0, 0.5)

Position: (20.1, 1.0, 9.1)

Position: (20.2, 1.0, 9.1)

Position: (20.2, 1.0, 9.1)
Rotation: (0.0, 0.9, 0.0, 0.5)

Position: (20.2, 1.0, 9.1)

Position: (20.3, 1.0, 9.2)

Position: (20.3, 1.0, 9.2)
Rotation: (0.0, 0.9, 0.0, 0.5)

Position: (20.3, 1.0, 9.2)
Rotation: (0.0, 0.9, 0.0, 0.5)

Position: (20.4, 1.0, 9.2)
Rotation: (0.0, 0.9, 0.0, 0.5)

Position: (20.5, 1.0, 9.2)
Rotation: (0.0, 0.9, 0.0, 0.5)

Position: (20.5, 1.0, 9.2)
Rotation: (0.0, 0.9, 0.0, 0.5)

Position: (20.6, 1.0, 9.2)
Rotation: (0.0, 0.9, 0.0, 0.5)

Position: (20.6, 1.0, 9.2)
Rotation: (0.0, 0.9, 0.0, 0.5)

Position: (20.6, 1.0, 9.3)
Rotation: (0.0, 0.9, 0.0, 0.5)

Position: (20.7, 1.0, 9.3)
Rotation: (0.0, 0.9, 0.0, 0.4)

Position: (20.7, 1.0, 9.3)
Rotation: (0.0, 0.9, 0.0, 0.4)

Position: (20.7, 1.0, 9.3)
Rotation: (0.0, 0.9, 0.0, 0.4)

Position: (20.8, 1.0, 9.3)
Rotation: (0.0, 0.9, 0.0, 0.4)

Position: (20.8, 1.0, 9.3)

Position: (20.9, 1.0, 9.3)

Position: (21.1, 1.0, 9.2)

Position: (21.1, 1.0, 9.2)

Position: (21.3, 1.0, 9.0)

Position: (21.5, 1.0, 8.9)

Position: (21.5, 1.0, 8.9)

Position: (21.7, 1.0, 8.8)

Position: (21.9, 1.0, 8.6)
Rotation: (0.0, 0.9, 0.0, 0.4)

Position: (22.0, 1.0, 8.5)
Rotation: (0.0, 0.9, 0.0, 0.4)

Position: (22.0, 1.0, 8.5)
Rotation: (0.0, 0.9, 0.0, 0.4)

Position: (22.2, 1.0, 8.3)
Rotation: (0.0, 0.9, 0.0, 0.4)

Position: (22.3, 1.0, 8.3)
Rotation: (0.0, 0.9, 0.0, 0.4)

Position: (22.3, 1.0, 8.3)
Rotation: (0.0, 0.9, 0.0, 0.4)

Position: (22.3, 1.0, 8.3)
Rotation: (0.0, 0.9, 0.0, 0.4)

Position: (22.3, 1.0, 8.2)
Rotation: (0.0, 0.9, 0.0, 0.4)

Position: (22.4, 1.0, 8.2)
Rotation: (0.0, 0.9, 0.0, 0.4)

Position: (22.4, 1.0, 8.2)
Rotation: (0.0, 0.9, 0.0, 0.4)

Position: (22.5, 1.0, 8.2)
Rotation: (0.0, 0.9, 0.0, 0.4)

Position: (22.5, 1.0, 8.2)
Rotation: (0.0, 0.9, 0.0, 0.4)

Position: (22.5, 1.0, 8.1)
Rotation: (0.0, 0.9, 0.0, 0.4)

Position: (22.5, 1.0, 8.1)
Rotation: (0.0, 0.9, 0.0, 0.4)

Position: (22.6, 1.0, 8.1)
Rotation: (0.0, 0.9, 0.0, 0.4)

Position: (22.6, 1.0, 8.1)
Rotation: (0.0, 0.9, 0.0, 0.4)

Position: (22.6, 1.0, 8.0)
Rotation: (0.0, 0.9, 0.0, 0.4)

Position: (22.7, 1.0, 8.0)
Rotation: (0.0, 0.9, 0.0, 0.4)

Position: (22.7, 1.0, 8.0)
Rotation: (0.0, 0.9, 0.0, 0.4)

Position: (22.8, 1.0, 7.9)
Rotation: (0.0, 0.9, 0.0, 0.4)

Position: (22.8, 1.0, 7.9)
Rotation: (0.0, 0.9, 0.0, 0.4)

Position: (22.8, 1.0, 7.9)
Rotation: (0.0, 0.9, 0.0, 0.3)

Position: (22.8, 1.0, 7.9)
Rotation: (0.0, 0.9, 0.0, 0.3)

Position: (22.8, 1.0, 7.9)
Rotation: (0.0, 0.9, 0.0, 0.3)

Position: (22.9, 1.0, 7.9)
Rotation: (0.0, 0.9, 0.0, 0.3)

Position: (22.9, 1.0, 7.8)
Rotation: (0.0, 1.0, 0.0, 0.3)

Position: (23.0, 1.0, 7.8)
Rotation: (0.0, 1.0, 0.0, 0.3)

Position: (23.0, 1.0, 7.8)
Rotation: (0.0, 1.0, 0.0, 0.3)

Position: (23.0, 1.0, 7.8)
Rotation: (0.0, 1.0, 0.0, 0.3)

Position: (23.1, 1.0, 7.8)
Rotation: (0.0, 1.0, 0.0, 0.3)

Position: (23.2, 1.0, 7.8)
Rotation: (0.0, 1.0, 0.0, 0.2)

Position: (23.2, 1.0, 7.7)
Rotation: (0.0, 1.0, 0.0, 0.2)

Position: (23.2, 1.0, 7.7)
Rotation: (0.0, 1.0, 0.0, 0.2)

Position: (23.3, 1.0, 7.7)
Rotation: (0.0, 1.0, 0.0, 0.2)

Position: (23.3, 1.0, 7.7)
Rotation: (0.0, 1.0, 0.0, 0.2)

Position: (23.3, 1.0, 7.7)
Rotation: (0.0, 1.0, 0.0, 0.2)

Position: (23.4, 1.0, 7.7)
Rotation: (0.0, 1.0, 0.0, 0.2)

Position: (23.4, 1.0, 7.7)
Rotation: (0.0, 1.0, 0.0, 0.2)

Position: (23.5, 1.0, 7.6)
Rotation: (0.0, 1.0, 0.0, 0.2)

Position: (23.5, 1.0, 7.6)
Rotation: (0.0, 1.0, 0.0, 0.2)

Position: (23.5, 1.0, 7.6)
Rotation: (0.0, 1.0, 0.0, 0.1)

Position: (23.6, 1.0, 7.6)
Rotation: (0.0, 1.0, 0.0, 0.1)

Position: (23.6, 1.0, 7.6)
Rotation: (0.0, 1.0, 0.0, 0.1)

Position: (23.6, 1.0, 7.6)
Rotation: (0.0, 1.0, 0.0, 0.1)

Position: (23.7, 1.0, 7.5)
Rotation: (0.0, 1.0, 0.0, 0.1)

Position: (23.7, 1.0, 7.5)
Rotation: (0.0, 1.0, 0.0, 0.1)

Position: (23.8, 1.0, 7.5)
Rotation: (0.0, 1.0, 0.0, 0.0)

Position: (23.8, 1.0, 7.5)
Rotation: (0.0, 1.0, 0.0, 0.0)

Position: (23.8, 1.0, 7.4)
Rotation: (0.0, 1.0, 0.0, 0.0)

Position: (23.9, 1.0, 7.4)
Rotation: (0.0, 1.0, 0.0, 0.0)

Position: (23.9, 1.0, 7.3)
Rotation: (0.0, 1.0, 0.0, 0.0)

Position: (24.0, 1.0, 7.3)

Position: (24.0, 1.0, 7.3)

Position: (24.0, 1.0, 7.3)
Rotation: (0.0, 1.0, 0.0, -0.1)

Position: (24.0, 1.0, 7.2)
Rotation: (0.0, 1.0, 0.0, -0.1)

Position: (24.1, 1.0, 7.2)
Rotation: (0.0, 1.0, 0.0, -0.1)

Position: (24.1, 1.0, 7.2)
Rotation: (0.0, 1.0, 0.0, -0.1)

Position: (24.1, 1.0, 7.1)
Rotation: (0.0, 1.0, 0.0, -0.1)

Position: (24.1, 1.0, 7.1)
Rotation: (0.0, 1.0, 0.0, -0.1)

Position: (24.1, 1.0, 7.0)
Rotation: (0.0, 1.0, 0.0, -0.1)

Position: (24.1, 1.0, 7.0)
Rotation: (0.0, 1.0, 0.0, -0.1)

Position: (24.2, 1.0, 7.0)
Rotation: (0.0, 1.0, 0.0, -0.1)

Position: (24.2, 1.0, 6.9)
Rotation: (0.0, 1.0, 0.0, -0.1)

Position: (24.2, 1.0, 6.9)
Rotation: (0.0, 1.0, 0.0, -0.1)

Position: (24.2, 1.0, 6.9)
Rotation: (0.0, 1.0, 0.0, -0.1)

Position: (24.2, 1.0, 6.8)
Rotation: (0.0, 1.0, 0.0, -0.1)
Left clicked object: Door_Door at position (24.3, 0.0, 5.3)

Position: (24.2, 1.0, 6.8)

Position: (24.2, 1.0, 6.7)
Rotation: (0.0, 1.0, 0.0, -0.1)

Position: (24.2, 1.0, 6.7)
Rotation: (0.0, 1.0, 0.0, -0.1)

Position: (24.2, 1.0, 6.7)
Rotation: (0.0, 1.0, 0.0, -0.1)

Position: (24.2, 1.0, 6.6)
Rotation: (0.0, 1.0, 0.0, -0.1)

Position: (24.2, 1.0, 6.6)
Rotation: (0.0, 1.0, 0.0, -0.2)

Position: (24.2, 1.0, 6.5)
Rotation: (0.0, 1.0, 0.0, -0.2)

Position: (24.2, 1.0, 6.5)
Rotation: (0.0, 1.0, 0.0, -0.2)

Position: (24.2, 1.0, 6.5)
Rotation: (0.0, 1.0, 0.0, -0.2)

Position: (24.2, 1.0, 6.4)
Rotation: (0.0, 1.0, 0.0, -0.2)

Position: (24.1, 1.0, 6.4)
Rotation: (0.0, 1.0, 0.0, -0.2)

Position: (24.1, 1.0, 6.3)
Rotation: (0.0, 1.0, 0.0, -0.2)

Position: (24.1, 1.0, 6.3)
Rotation: (0.0, 1.0, 0.0, -0.2)

Position: (24.1, 1.0, 6.3)

Position: (24.1, 1.0, 6.2)

Position: (24.1, 1.0, 6.2)
Rotation: (0.0, 1.0, 0.0, -0.2)

Position: (24.0, 1.0, 6.1)

Position: (24.0, 1.0, 6.1)

Position: (24.0, 1.0, 6.1)
Rotation: (0.0, 1.0, 0.0, -0.2)

Position: (24.0, 1.0, 6.1)

Position: (24.0, 1.0, 6.0)

Position: (24.0, 1.0, 6.0)
Rotation: (0.0, 1.0, 0.0, -0.2)
Left clicked object: Door_Door at position (24.3, 0.0, 5.3)

Position: (23.9, 1.0, 5.9)
Rotation: (0.0, 1.0, 0.0, -0.2)

Position: (23.9, 1.0, 5.9)

Position: (23.9, 1.0, 5.9)

Position: (23.9, 1.0, 5.9)
Rotation: (0.0, 1.0, 0.0, -0.2)

Position: (23.9, 1.0, 5.9)
Rotation: (0.0, 1.0, 0.0, -0.2)

Position: (23.9, 1.0, 5.9)
Rotation: (0.0, 1.0, 0.0, -0.2)

Position: (23.9, 1.0, 5.9)
Rotation: (0.0, 1.0, 0.0, -0.2)

Position: (23.9, 1.0, 5.9)
Rotation: (0.0, 1.0, 0.0, -0.3)

Position: (23.9, 1.0, 5.9)
Rotation: (0.0, 1.0, 0.0, -0.3)

Position: (23.9, 1.0, 5.9)
Rotation: (0.0, 1.0, 0.0, -0.3)

Position: (23.9, 1.0, 5.9)
Rotation: (0.0, 1.0, 0.0, -0.3)

Position: (23.9, 1.0, 5.9)
Rotation: (0.0, 1.0, 0.0, -0.3)

Position: (23.9, 1.0, 5.9)
Rotation: (0.0, 1.0, 0.0, -0.3)

Position: (23.9, 1.0, 5.9)
Rotation: (0.0, 1.0, 0.0, -0.3)

Position: (23.9, 1.0, 5.9)
Rotation: (0.0, 0.9, 0.0, -0.3)

Position: (23.9, 1.0, 5.9)
Rotation: (0.0, 0.9, 0.0, -0.3)

Rotation: (0.0, 0.9, 0.0, -0.3)

Rotation: (0.0, 0.9, 0.0, -0.3)

Position: (23.9, 1.0, 5.9)

Position: (23.9, 1.0, 5.9)

Position: (23.9, 1.0, 5.9)
Rotation: (0.0, 0.9, 0.0, -0.3)

Position: (23.9, 1.0, 5.9)

Position: (23.9, 1.0, 5.9)
Rotation: (0.0, 0.9, 0.0, -0.3)

Position: (23.9, 1.0, 5.9)

Position: (23.9, 1.0, 5.8)

Position: (23.8, 1.0, 5.8)

Position: (23.7, 1.0, 5.7)

Position: (23.7, 1.0, 5.7)

Position: (23.7, 1.0, 5.6)

Position: (23.6, 1.0, 5.5)
Rotation: (0.0, 0.9, 0.0, -0.3)

Position: (23.6, 1.0, 5.4)
Rotation: (0.0, 0.9, 0.0, -0.3)

Position: (23.6, 1.0, 5.3)
Rotation: (0.0, 0.9, 0.0, -0.3)

Position: (23.6, 1.0, 5.3)
Rotation: (0.0, 0.9, 0.0, -0.3)

Position: (23.5, 1.0, 5.1)
Rotation: (0.0, 0.9, 0.0, -0.3)

Position: (23.4, 1.0, 5.0)
Rotation: (0.0, 0.9, 0.0, -0.3)

Position: (23.3, 1.0, 4.8)
Rotation: (0.0, 0.9, 0.0, -0.3)

Position: (23.3, 1.0, 4.8)
Rotation: (0.0, 0.9, 0.0, -0.3)

Position: (23.2, 1.0, 4.7)
Rotation: (0.0, 0.9, 0.0, -0.3)

Position: (23.0, 1.0, 4.5)

Position: (22.9, 1.0, 4.3)

Position: (22.9, 1.0, 4.3)

Position: (22.7, 1.0, 4.1)

Position: (22.6, 1.0, 4.0)
Rotation: (0.0, 0.9, 0.0, -0.3)

Position: (22.5, 1.0, 3.8)
Rotation: (0.0, 0.9, 0.0, -0.3)

Position: (22.5, 1.0, 3.8)
Rotation: (0.0, 0.9, 0.0, -0.3)

Position: (22.3, 1.0, 3.6)
Rotation: (0.0, 0.9, 0.0, -0.3)

Position: (22.2, 1.0, 3.4)

Position: (22.0, 1.0, 3.2)

Position: (22.0, 1.0, 3.2)

Position: (21.9, 1.0, 3.0)

Position: (21.8, 1.0, 2.9)

Position: (21.6, 1.0, 2.7)

Position: (21.6, 1.0, 2.7)

Position: (21.5, 1.0, 2.5)

Position: (21.3, 1.0, 2.3)

Position: (21.2, 1.0, 2.1)

Position: (21.2, 1.0, 2.1)
Rotation: (0.0, 0.9, 0.0, -0.3)

Position: (21.1, 1.0, 1.9)
Rotation: (0.0, 0.9, 0.0, -0.3)

Position: (20.9, 1.0, 1.8)

Position: (20.9, 1.0, 1.7)
Rotation: (0.0, 0.9, 0.0, -0.3)

Position: (20.9, 1.0, 1.7)
Rotation: (0.0, 0.9, 0.0, -0.3)

Position: (20.9, 1.0, 1.7)
Rotation: (0.0, 0.9, 0.0, -0.3)

Position: (20.8, 1.0, 1.6)
Rotation: (0.0, 1.0, 0.0, -0.3)

Position: (20.8, 1.0, 1.6)
Rotation: (0.0, 1.0, 0.0, -0.3)

Position: (20.7, 1.0, 1.6)
Rotation: (0.0, 1.0, 0.0, -0.3)

Position: (20.7, 1.0, 1.6)
Rotation: (0.0, 1.0, 0.0, -0.3)

Position: (20.7, 1.0, 1.5)
Rotation: (0.0, 1.0, 0.0, -0.3)

Position: (20.7, 1.0, 1.5)
Rotation: (0.0, 1.0, 0.0, -0.3)

Position: (20.6, 1.0, 1.5)
Rotation: (0.0, 1.0, 0.0, -0.3)

Position: (20.6, 1.0, 1.4)
Rotation: (0.0, 1.0, 0.0, -0.3)

Position: (20.6, 1.0, 1.4)
Rotation: (0.0, 1.0, 0.0, -0.3)

Position: (20.5, 1.0, 1.4)
Rotation: (0.0, 1.0, 0.0, -0.3)

Position: (20.5, 1.0, 1.4)
Rotation: (0.0, 1.0, 0.0, -0.3)

Position: (20.5, 1.0, 1.3)
Rotation: (0.0, 1.0, 0.0, -0.3)

Position: (20.5, 1.0, 1.3)
Rotation: (0.0, 1.0, 0.0, -0.3)

Position: (20.4, 1.0, 1.3)
Rotation: (0.0, 1.0, 0.0, -0.3)

Position: (20.4, 1.0, 1.3)
Rotation: (0.0, 1.0, 0.0, -0.3)

Position: (20.4, 1.0, 1.3)
Rotation: (0.0, 1.0, 0.0, -0.3)

Position: (20.4, 1.0, 1.3)
Rotation: (0.0, 1.0, 0.0, -0.3)

Position: (20.4, 1.0, 1.3)
Rotation: (0.0, 0.9, 0.0, -0.3)

Position: (20.4, 1.0, 1.3)
Rotation: (0.0, 0.9, 0.0, -0.3)

Position: (20.4, 1.0, 1.3)
Rotation: (0.0, 0.9, 0.0, -0.3)

Position: (20.4, 1.0, 1.3)
Rotation: (0.0, 0.9, 0.0, -0.3)

Position: (20.4, 1.0, 1.3)
Rotation: (0.0, 0.9, 0.0, -0.3)

Position: (20.4, 1.0, 1.3)
Rotation: (0.0, 0.9, 0.0, -0.3)

Position: (20.4, 1.0, 1.3)
Rotation: (0.0, 0.9, 0.0, -0.3)

Position: (20.4, 1.0, 1.3)
Rotation: (0.0, 0.9, 0.0, -0.3)

Position: (20.4, 1.0, 1.3)
Rotation: (0.0, 0.9, 0.0, -0.3)

Position: (20.4, 1.0, 1.3)
Rotation: (0.0, 0.9, 0.0, -0.3)

Position: (20.4, 1.0, 1.3)
Rotation: (0.0, 0.9, 0.0, -0.4)

Position: (20.4, 1.0, 1.3)
Rotation: (0.0, 0.9, 0.0, -0.4)

Position: (20.4, 1.0, 1.3)
Rotation: (0.0, 0.9, 0.0, -0.4)

Position: (20.4, 1.0, 1.3)
Rotation: (0.0, 0.9, 0.0, -0.4)

Position: (20.4, 1.0, 1.3)
Rotation: (0.0, 0.9, 0.0, -0.4)

Rotation: (0.0, 0.9, 0.0, -0.4)

Rotation: (0.0, 0.9, 0.0, -0.4)

Rotation: (0.0, 0.9, 0.0, -0.4)

Rotation: (0.0, 0.9, 0.0, -0.4)

Rotation: (0.0, 0.9, 0.0, -0.4)

Rotation: (0.0, 0.9, 0.0, -0.4)

Rotation: (0.0, 0.9, 0.0, -0.4)

Rotation: (0.0, 0.9, 0.0, -0.5)

Rotation: (0.0, 0.9, 0.0, -0.5)

Rotation: (0.0, 0.9, 0.0, -0.5)

Rotation: (0.0, 0.9, 0.0, -0.5)
Left clicked object: Interactable Radio at position (19.8, 1.0, 0.8)
[Log]num harmful: 1
[Log]Harmful State "Bent Grab Iron" set active
[Log]num harmless: + 1

Rotation: (0.0, 0.9, 0.0, -0.5)

Rotation: (0.0, 0.9, 0.0, -0.5)

Rotation: (0.0, 0.9, 0.0, -0.5)

Rotation: (0.0, 0.9, 0.0, -0.5)

Rotation: (0.0, 0.9, 0.0, -0.5)

Rotation: (0.0, 0.9, 0.0, -0.5)

Rotation: (0.0, 0.9, 0.0, -0.5)

Rotation: (0.0, 0.9, 0.0, -0.5)

Rotation: (0.0, 0.9, 0.0, -0.5)

Rotation: (0.0, 0.9, 0.0, -0.5)

Rotation: (0.0, 0.9, 0.0, -0.5)

Rotation: (0.0, 0.9, 0.0, -0.5)

Rotation: (0.0, 0.9, 0.0, -0.5)

Rotation: (0.0, 0.9, 0.0, -0.5)

Rotation: (0.0, 0.9, 0.0, -0.5)

Rotation: (0.0, 0.9, 0.0, -0.5)

Rotation: (0.0, 0.9, 0.0, -0.5)

Rotation: (0.0, 0.9, 0.0, -0.5)

Rotation: (0.0, 0.9, 0.0, -0.5)

Rotation: (0.0, 0.9, 0.0, -0.4)

Rotation: (0.0, 0.9, 0.0, -0.4)

Rotation: (0.0, 0.9, 0.0, -0.4)

Rotation: (0.0, 0.9, 0.0, -0.4)

Rotation: (0.0, 0.9, 0.0, -0.4)

Rotation: (0.0, 0.9, 0.0, -0.4)

Rotation: (0.0, 0.9, 0.0, -0.4)

Rotation: (0.0, 0.9, 0.0, -0.4)

Rotation: (0.0, 0.9, 0.0, -0.3)

Rotation: (0.0, 1.0, 0.0, -0.2)

Rotation: (0.0, 1.0, 0.0, -0.1)

Rotation: (0.0, 1.0, 0.0, -0.1)

Rotation: (0.0, 1.0, 0.0, 0.1)

Rotation: (0.0, 0.9, 0.0, 0.3)

Rotation: (0.0, 0.8, 0.0, 0.6)

Rotation: (0.0, 0.8, 0.0, 0.6)

Rotation: (0.0, 0.7, 0.0, 0.7)

Rotation: (0.0, 0.6, 0.0, 0.8)

Rotation: (0.0, 0.5, 0.0, 0.9)

Rotation: (0.0, 0.4, 0.0, 0.9)

Rotation: (0.0, 0.4, 0.0, 0.9)

Rotation: (0.0, 0.4, 0.0, 0.9)

Rotation: (0.0, 0.4, 0.0, 0.9)

Rotation: (0.0, 0.4, 0.0, 0.9)

Rotation: (0.0, 0.4, 0.0, 0.9)

Rotation: (0.0, 0.4, 0.0, 0.9)

Rotation: (0.0, 0.4, 0.0, 0.9)

Position: (20.4, 1.0, 1.3)

Position: (20.4, 1.0, 1.3)

Position: (20.4, 1.0, 1.3)

Position: (20.4, 1.0, 1.3)

Position: (20.4, 1.0, 1.3)

Position: (20.4, 1.0, 1.3)

Position: (20.4, 1.0, 1.3)

Position: (20.4, 1.0, 1.3)

Position: (20.4, 1.0, 1.3)

Position: (20.4, 1.0, 1.3)

Position: (20.4, 1.0, 1.3)

Position: (20.4, 1.0, 1.3)

Position: (20.4, 1.0, 1.3)

Position: (20.4, 1.0, 1.3)

Position: (20.4, 1.0, 1.3)

Position: (20.4, 1.0, 1.3)

Position: (20.4, 1.0, 1.3)

Position: (20.4, 1.0, 1.4)

Position: (20.4, 1.0, 1.4)

Position: (20.4, 1.0, 1.4)

Position: (20.4, 1.0, 1.4)

Position: (20.4, 1.0, 1.4)

Position: (20.4, 1.0, 1.4)

Position: (20.4, 1.0, 1.4)

Position: (20.4, 1.0, 1.4)

Position: (20.4, 1.0, 1.4)

Position: (20.5, 1.0, 1.4)

Position: (20.5, 1.0, 1.4)

Position: (20.5, 1.0, 1.5)

Position: (20.6, 1.0, 1.5)

Position: (20.6, 1.0, 1.5)

Position: (20.6, 1.0, 1.6)

Position: (20.7, 1.0, 1.6)

Position: (20.7, 1.0, 1.7)

Position: (20.7, 1.0, 1.7)

Position: (20.7, 1.0, 1.7)

Position: (20.8, 1.0, 1.8)

Position: (20.8, 1.0, 1.8)

Position: (20.8, 1.0, 1.8)

Position: (20.9, 1.0, 1.8)

Position: (20.9, 1.0, 1.9)

Position: (20.9, 1.0, 1.9)

Position: (20.9, 1.0, 1.9)

Position: (20.9, 1.0, 1.9)

Position: (20.9, 1.0, 1.9)

Position: (21.0, 1.0, 2.0)

Rotation: (0.0, 0.4, 0.0, 0.9)

Position: (21.0, 1.0, 2.0)

Position: (21.0, 1.0, 2.0)

Position: (21.0, 1.0, 2.0)

Position: (21.0, 1.0, 2.0)

Position: (21.0, 1.0, 2.0)

Position: (21.0, 1.0, 2.0)

Position: (21.0, 1.0, 2.0)

Position: (21.0, 1.0, 2.0)

Position: (21.0, 1.0, 2.0)

Position: (21.0, 1.0, 2.0)

Position: (21.0, 1.0, 2.0)

Position: (21.0, 1.0, 2.0)

Position: (21.0, 1.0, 2.0)

Position: (21.0, 1.0, 2.0)

Position: (21.0, 1.0, 2.0)

Position: (21.0, 1.0, 2.0)

Position: (21.1, 1.0, 2.1)

Position: (21.1, 1.0, 2.1)

Position: (21.1, 1.0, 2.1)

Position: (21.2, 1.0, 2.2)

Position: (21.2, 1.0, 2.2)

Position: (21.2, 1.0, 2.3)

Position: (21.3, 1.0, 2.3)

Position: (21.3, 1.0, 2.3)

Position: (21.3, 1.0, 2.3)

Position: (21.3, 1.0, 2.4)

Position: (21.3, 1.0, 2.4)

Position: (21.4, 1.0, 2.4)

Position: (21.4, 1.0, 2.5)

Position: (21.4, 1.0, 2.5)

Position: (21.5, 1.0, 2.5)

Position: (21.5, 1.0, 2.6)

Position: (21.5, 1.0, 2.6)

Position: (21.5, 1.0, 2.6)

Position: (21.6, 1.0, 2.6)

Position: (21.6, 1.0, 2.7)

Position: (21.6, 1.0, 2.7)

Position: (21.6, 1.0, 2.7)

Position: (21.6, 1.0, 2.7)

Position: (21.6, 1.0, 2.7)

Position: (21.6, 1.0, 2.7)

Position: (21.6, 1.0, 2.7)

Position: (21.6, 1.0, 2.7)

Position: (21.6, 1.0, 2.7)

Position: (21.6, 1.0, 2.7)

Position: (21.6, 1.0, 2.7)

Position: (21.6, 1.0, 2.7)

Position: (21.6, 1.0, 2.7)

Position: (21.6, 1.0, 2.7)

Position: (21.6, 1.0, 2.7)

Position: (21.6, 1.0, 2.7)

Position: (21.6, 1.0, 2.7)

Position: (21.6, 1.0, 2.7)

Position: (21.6, 1.0, 2.7)

Position: (21.6, 1.0, 2.6)

Position: (21.6, 1.0, 2.6)

Position: (21.5, 1.0, 2.6)

Position: (21.5, 1.0, 2.6)

Position: (21.5, 1.0, 2.6)

Position: (21.5, 1.0, 2.6)

Position: (21.5, 1.0, 2.6)

Position: (21.5, 1.0, 2.6)

Position: (21.5, 1.0, 2.6)
Opened radio wheel
Opened radio wheel
[Log]Cursor Escaped

Position: (21.5, 1.0, 2.6)
[Log]Cursor No Longer Escaped

Opened radio wheel
Opened radio wheel
[Log]Cursor Escaped

Rotation: (0.0, 0.4, 0.0, 0.9)

Rotation: (0.0, 0.4, 0.0, 0.9)

Rotation: (0.0, 0.4, 0.0, 0.9)

Rotation: (0.0, 0.4, 0.0, 0.9)

Rotation: (0.0, 0.4, 0.0, 0.9)

Rotation: (0.0, 0.4, 0.0, 0.9)

Rotation: (0.0, 0.4, 0.0, 0.9)

Rotation: (0.0, 0.4, 0.0, 0.9)

Rotation: (0.0, 0.4, 0.0, 0.9)

Rotation: (0.0, 0.4, 0.0, 0.9)

Rotation: (0.0, 0.4, 0.0, 0.9)

Rotation: (0.0, 0.4, 0.0, 0.9)

Rotation: (0.0, 0.4, 0.0, 0.9)

Rotation: (0.0, 0.4, 0.0, 0.9)

Rotation: (0.0, 0.4, 0.0, 0.9)

Rotation: (0.0, 0.4, 0.0, 0.9)

Rotation: (0.0, 0.4, 0.0, 0.9)

Rotation: (0.0, 0.4, 0.0, 0.9)

Rotation: (0.0, 0.4, 0.0, 0.9)
Left clicked object: Raycast Blocker Right at position (0.0, 0.0, 24.8)
RadioWheel
[Log]Beginning cutscene -Radio Check-
[Log]Cursor No Longer Escaped

Rotation: (0.0, 0.4, 0.0, 0.9)

Position: (21.5, 1.0, 2.6)

Position: (21.5, 1.0, 2.6)

Position: (21.5, 1.0, 2.6)

Position: (21.5, 1.0, 2.6)

Position: (21.5, 1.0, 2.6)

Position: (21.5, 1.0, 2.6)

Position: (21.5, 1.0, 2.6)

Position: (21.5, 1.0, 2.6)

Position: (21.5, 1.0, 2.6)

Position: (21.5, 1.0, 2.6)

Position: (21.5, 1.0, 2.6)

Position: (21.5, 1.0, 2.6)

Position: (21.5, 1.0, 2.6)

Position: (21.5, 1.0, 2.6)

Position: (21.5, 1.0, 2.6)

Position: (21.5, 1.0, 2.6)

Position: (21.5, 1.0, 2.6)

Position: (21.5, 1.0, 2.6)

Position: (21.5, 1.0, 2.6)

Position: (21.5, 1.0, 2.6)

Position: (21.5, 1.0, 2.6)

Position: (21.5, 1.0, 2.6)

Position: (21.5, 1.0, 2.6)

Position: (21.5, 1.0, 2.6)

Position: (21.5, 1.0, 2.6)

Position: (21.5, 1.0, 2.6)

Position: (21.5, 1.0, 2.6)

Position: (21.5, 1.0, 2.6)

Position: (21.5, 1.0, 2.6)

Position: (21.5, 1.0, 2.6)

Position: (21.5, 1.0, 2.6)

Position: (21.5, 1.0, 2.6)

Position: (21.5, 1.0, 2.6)

Position: (21.5, 1.0, 2.6)

Position: (21.5, 1.0, 2.6)

Position: (21.5, 1.0, 2.6)

Position: (21.5, 1.0, 2.6)

Position: (21.5, 1.0, 2.6)

Position: (21.5, 1.0, 2.6)

Position: (21.5, 1.0, 2.6)

Position: (21.5, 1.0, 2.6)

Position: (21.5, 1.0, 2.6)

Position: (21.5, 1.0, 2.6)

Position: (21.5, 1.0, 2.6)

Position: (21.5, 1.0, 2.6)

Position: (21.5, 1.0, 2.6)

Position: (21.5, 1.0, 2.6)

Position: (21.5, 1.0, 2.6)

Position: (21.5, 1.0, 2.6)

Position: (21.5, 1.0, 2.6)

Position: (21.5, 1.0, 2.6)

Position: (21.5, 1.0, 2.6)

Position: (21.5, 1.0, 2.6)

Position: (21.5, 1.0, 2.6)

Position: (21.5, 1.0, 2.6)

Position: (21.5, 1.0, 2.6)

Position: (21.5, 1.0, 2.6)

Position: (21.5, 1.0, 2.6)

Position: (21.5, 1.0, 2.6)

Position: (21.5, 1.0, 2.6)

Position: (21.5, 1.0, 2.6)

Position: (21.5, 1.0, 2.6)

Position: (21.5, 1.0, 2.6)

Position: (21.5, 1.0, 2.6)

Position: (21.5, 1.0, 2.6)

Position: (21.5, 1.0, 2.6)

Position: (21.5, 1.0, 2.6)

Position: (21.5, 1.0, 2.6)

Position: (21.5, 1.0, 2.6)

Position: (21.5, 1.0, 2.6)

Position: (21.5, 1.0, 2.6)

Position: (21.5, 1.0, 2.6)

Position: (21.5, 1.0, 2.6)

Position: (21.5, 1.0, 2.6)

Position: (21.5, 1.0, 2.6)

Position: (21.5, 1.0, 2.6)

Position: (21.5, 1.0, 2.6)

Position: (21.5, 1.0, 2.6)

Position: (21.5, 1.0, 2.6)

Position: (21.5, 1.0, 2.6)

Position: (21.5, 1.0, 2.6)

Position: (21.5, 1.0, 2.6)

Position: (21.5, 1.0, 2.6)

Position: (21.5, 1.0, 2.6)

Position: (21.5, 1.0, 2.6)

Position: (21.5, 1.0, 2.6)

Position: (21.5, 1.0, 2.6)

Position: (21.5, 1.0, 2.6)

Position: (21.5, 1.0, 2.6)

Position: (21.5, 1.0, 2.6)

Position: (21.5, 1.0, 2.6)

Position: (21.5, 1.0, 2.6)

Position: (21.5, 1.0, 2.6)

Position: (21.5, 1.0, 2.6)

Position: (21.5, 1.0, 2.6)

Position: (21.5, 1.0, 2.6)

Position: (21.5, 1.0, 2.6)

Position: (21.5, 1.0, 2.6)

Position: (21.5, 1.0, 2.6)

Position: (21.5, 1.0, 2.6)

Position: (21.5, 1.0, 2.6)

Position: (21.5, 1.0, 2.6)

Position: (21.5, 1.0, 2.6)

Position: (21.5, 1.0, 2.6)

Position: (21.5, 1.0, 2.6)

Position: (21.5, 1.0, 2.6)

Position: (21.5, 1.0, 2.6)

Position: (21.5, 1.0, 2.6)

Position: (21.5, 1.0, 2.6)

Position: (21.5, 1.0, 2.6)

Position: (21.5, 1.0, 2.6)

Position: (21.5, 1.0, 2.6)

Position: (21.5, 1.0, 2.6)

Position: (21.5, 1.0, 2.6)

Position: (21.5, 1.0, 2.6)

Position: (21.5, 1.0, 2.6)

Position: (21.5, 1.0, 2.6)

Position: (21.5, 1.0, 2.6)

Position: (21.5, 1.0, 2.6)

Position: (21.5, 1.0, 2.6)

Position: (21.5, 1.0, 2.6)

Position: (21.5, 1.0, 2.6)

Position: (21.5, 1.0, 2.6)

Position: (21.5, 1.0, 2.6)

Position: (21.5, 1.0, 2.6)

Position: (21.5, 1.0, 2.6)

Position: (21.5, 1.0, 2.6)

Position: (21.5, 1.0, 2.6)

Position: (21.5, 1.0, 2.6)

Position: (21.5, 1.0, 2.6)

Position: (21.5, 1.0, 2.6)

Position: (21.5, 1.0, 2.6)

Position: (21.5, 1.0, 2.6)

Position: (21.5, 1.0, 2.6)

Position: (21.5, 1.0, 2.6)

Position: (21.5, 1.0, 2.6)

Position: (21.5, 1.0, 2.6)

Position: (21.5, 1.0, 2.6)

Position: (21.5, 1.0, 2.6)

Position: (21.5, 1.0, 2.6)

Position: (21.5, 1.0, 2.6)

Position: (21.5, 1.0, 2.6)

Position: (21.5, 1.0, 2.6)

Position: (21.5, 1.0, 2.6)

Position: (21.5, 1.0, 2.6)

Position: (21.5, 1.0, 2.6)

Position: (21.5, 1.0, 2.6)

Position: (21.5, 1.0, 2.6)

Position: (21.5, 1.0, 2.6)

Position: (21.5, 1.0, 2.6)

Position: (21.5, 1.0, 2.6)

Position: (21.5, 1.0, 2.6)

Position: (21.5, 1.0, 2.6)

Position: (21.5, 1.0, 2.6)

Position: (21.5, 1.0, 2.6)

Position: (21.5, 1.0, 2.6)

Position: (21.5, 1.0, 2.6)

Position: (21.5, 1.0, 2.6)

Position: (21.5, 1.0, 2.6)

Position: (21.5, 1.0, 2.6)

Position: (21.5, 1.0, 2.6)

Position: (21.5, 1.0, 2.6)

Position: (21.5, 1.0, 2.6)

Position: (21.5, 1.0, 2.6)

Position: (21.5, 1.0, 2.6)

Position: (21.5, 1.0, 2.6)

Position: (21.5, 1.0, 2.6)

Position: (21.5, 1.0, 2.6)

Position: (21.5, 1.0, 2.6)

Position: (21.5, 1.0, 2.6)

Position: (21.5, 1.0, 2.6)

Position: (21.5, 1.0, 2.6)

Position: (21.5, 1.0, 2.6)

Position: (21.5, 1.0, 2.6)

Position: (21.5, 1.0, 2.6)

Position: (21.5, 1.0, 2.6)

Position: (21.5, 1.0, 2.6)

Position: (21.5, 1.0, 2.6)

Position: (21.5, 1.0, 2.6)

Position: (21.5, 1.0, 2.6)

Position: (21.5, 1.0, 2.6)

Position: (21.5, 1.0, 2.6)

Position: (21.5, 1.0, 2.6)

Position: (21.5, 1.0, 2.6)

Position: (21.5, 1.0, 2.6)

Position: (21.6, 1.0, 2.6)

Position: (21.6, 1.0, 2.7)

Position: (21.7, 1.0, 2.7)

Position: (21.7, 1.0, 2.8)

Position: (21.7, 1.0, 2.8)

Position: (21.8, 1.0, 2.8)

Position: (21.8, 1.0, 2.9)

Position: (21.8, 1.0, 2.9)

Position: (21.8, 1.0, 2.9)

Position: (21.9, 1.0, 3.0)

Position: (21.9, 1.0, 3.0)

Position: (21.9, 1.0, 3.0)

Position: (22.0, 1.0, 3.1)

Position: (22.0, 1.0, 3.1)

Position: (22.0, 1.0, 3.1)

Position: (22.0, 1.0, 3.2)

Position: (22.0, 1.0, 3.2)

Position: (22.1, 1.0, 3.2)

Position: (22.1, 1.0, 3.2)

Position: (22.1, 1.0, 3.2)

Position: (22.1, 1.0, 3.2)

Position: (22.1, 1.0, 3.2)

Position: (22.1, 1.0, 3.3)

Position: (22.1, 1.0, 3.3)

Position: (22.1, 1.0, 3.3)

Position: (22.2, 1.0, 3.3)

Position: (22.2, 1.0, 3.3)

Position: (22.2, 1.0, 3.3)

Position: (22.2, 1.0, 3.3)

Position: (22.2, 1.0, 3.4)

Position: (22.3, 1.0, 3.4)

Position: (22.3, 1.0, 3.5)

Position: (22.3, 1.0, 3.5)

Position: (22.4, 1.0, 3.5)

Position: (22.5, 1.0, 3.7)

Position: (22.7, 1.0, 3.9)

Position: (22.8, 1.0, 4.1)

Position: (23.0, 1.0, 4.2)

Position: (23.1, 1.0, 4.4)

Position: (23.3, 1.0, 4.6)

Position: (23.4, 1.0, 4.7)

Position: (23.6, 1.0, 4.9)

Position: (23.8, 1.0, 5.1)

Position: (23.9, 1.0, 5.3)

Position: (23.8, 1.0, 5.4)

Position: (23.9, 1.0, 5.6)

Position: (24.0, 1.0, 5.8)

Position: (24.2, 1.0, 6.0)

Position: (24.4, 1.0, 6.2)

Position: (24.5, 1.0, 6.4)

Position: (24.7, 1.0, 6.5)

Position: (24.8, 1.0, 6.7)

Position: (25.0, 1.0, 6.9)

Position: (25.1, 1.0, 7.1)

Position: (25.3, 1.0, 7.2)

Position: (25.4, 1.0, 7.4)

Position: (25.6, 1.0, 7.6)

Position: (25.6, 1.0, 7.6)

Position: (25.6, 1.0, 7.6)

Position: (25.7, 1.0, 7.6)

Position: (25.7, 1.0, 7.7)

Position: (25.7, 1.0, 7.7)

Position: (25.8, 1.0, 7.8)

Position: (25.8, 1.0, 7.8)

Position: (25.8, 1.0, 7.8)

Position: (25.9, 1.0, 7.9)

Position: (25.9, 1.0, 7.9)

Position: (25.9, 1.0, 7.9)

Position: (26.0, 1.0, 8.0)

Position: (26.0, 1.0, 8.0)

Position: (26.0, 1.0, 8.1)

Position: (26.1, 1.0, 8.1)

Position: (26.1, 1.0, 8.1)

Position: (26.1, 1.0, 8.2)

Position: (26.1, 1.0, 8.2)

Position: (26.1, 1.0, 8.2)

Position: (26.2, 1.0, 8.2)

Position: (26.2, 1.0, 8.2)

Position: (26.2, 1.0, 8.3)

Position: (26.2, 1.0, 8.3)

Position: (26.3, 1.0, 8.3)

Position: (26.3, 1.0, 8.3)

Position: (26.3, 1.0, 8.3)
