[Log]Cursor Escaped
DontDestroyOnLoad only work for root GameObjects or components on root GameObjects.
[Log]Ver. 1.0.1.1
[Log]Creating Form...
[Log]Form Created, Adding Fields...
[Log]Fields Added
[Log]Opening WWW...
NullReferenceException: Object reference not set to an instance of an object
NullReferenceException: Object reference not set to an instance of an object
NullReferenceException: Object reference not set to an instance of an object
NullReferenceException: Object reference not set to an instance of an object
NullReferenceException: Object reference not set to an instance of an object
NullReferenceException: Object reference not set to an instance of an object
NullReferenceException: Object reference not set to an instance of an object
NullReferenceException: Object reference not set to an instance of an object
NullReferenceException: Object reference not set to an instance of an object
[Log]Test Ok
[Log]Checking D:\Kyle Brannon\Documents\Railserve\MergedProject\Assets\XML\EB0A191797624DD3A48FA681D3061212\EB0A191797624DD3A48FA681D3061212_12192018_s.xml
NullReferenceException: Object reference not set to an instance of an object
NullReferenceException: Object reference not set to an instance of an object
NullReferenceException: Object reference not set to an instance of an object
NullReferenceException: Object reference not set to an instance of an object
NullReferenceException: Object reference not set to an instance of an object
NullReferenceException: Object reference not set to an instance of an object
NullReferenceException: Object reference not set to an instance of an object
NullReferenceException: Object reference not set to an instance of an object
NullReferenceException: Object reference not set to an instance of an object
NullReferenceException: Object reference not set to an instance of an object
NullReferenceException: Object reference not set to an instance of an object
[Log]Got this user -- Successfully connected!UserID:1|First Name:Master|Last Name:Account|Gender:1|Username:Master|Training Status: 72|Game Factors: 15-0, 1; 21-23.076923076924, 13; 28-46.666675, 30; 36-18.75, 16; 43-6.4516154838709, 31|
[Log]Successfully connected!UserID:1|First Name:Master|Last Name:Account|Gender:1|Username:Master|Training Status: 72|Game Factors: 15-0, 1; 21-23.076923076924, 13; 28-46.666675, 30; 36-18.75, 16; 43-6.4516154838709, 31|
[Log]Current Username: master Current First Name: Master Current Last Name: Account
[Log]The file EB0A191797624DD3A48FA681D3061212_03112019.xml exists.
[Log]Retrieving Data from Local
[Log]The file EB0A191797624DD3A48FA681D3061212_03112019.xml exists.
Rewired: Only one Rewired Input Manager may exist in a scene. This additional Rewired Input Manager game object will be deleted. You may see this warning if you are loading a new level that contains a Rewired Input Manager. If that's the case, you can safely ignore this warning. This warning will never be logged in a build.
72
[Log]Menu procedureStatus read as: 45
[Log]dataLoader userName: master | gender: 1 | procedureStatus: 72 | Game Factors:  15-0, 1; 21-23.076923076924, 13; 28-46.666675, 30; 36-18.75, 16; 43-6.4516154838709, 31
[Log]Cursor No Longer Escaped
Leaving Scene: 
Loading Scene: MainMenu
[Warning]No MovieTexture found on Plane. Skipping movie.

Rotation: (0.0, 0.7, 0.0, 0.7)
[Log]11:72
[Log]61:72
[Log]51:72
[Log]30:72
[Log]21:72
[Log]63:72
[Log]40:72

Rotation: (0.0, 0.7, 0.0, 0.7)

Rotation: (0.0, 0.7, 0.0, 0.7)

Rotation: (0.0, 0.7, 0.0, 0.7)

Rotation: (0.0, 0.7, 0.0, 0.7)

Rotation: (0.0, 0.7, 0.0, 0.7)

Rotation: (0.0, 0.7, 0.0, 0.7)

Rotation: (0.0, 0.7, 0.0, 0.7)

Rotation: (0.0, 0.7, 0.0, 0.7)

Rotation: (0.0, 0.7, 0.0, 0.7)

Rotation: (0.0, 0.7, 0.0, 0.7)

Rotation: (0.0, 0.7, 0.0, 0.7)

Rotation: (0.0, 0.7, 0.0, 0.7)

Rotation: (0.0, 0.7, 0.0, 0.7)

Rotation: (0.0, 0.7, 0.0, 0.7)

Rotation: (0.0, 0.7, 0.0, 0.7)

Left clicked object: Walls at position (0.0, 0.0, 2.0)
72
[Log]Menu procedureStatus read as: 45

Rotation: (0.0, 0.7, 0.0, 0.7)

Rotation: (0.0, 0.7, 0.0, 0.7)

Rotation: (0.0, 0.7, 0.0, 0.7)

Rotation: (0.0, 0.7, 0.0, 0.7)

Rotation: (0.0, 0.7, 0.0, 0.7)

Rotation: (0.0, 0.7, 0.0, 0.7)

Rotation: (0.0, 0.7, 0.0, 0.7)

Rotation: (0.0, 0.7, 0.0, 0.7)

Rotation: (0.0, 0.7, 0.0, 0.7)

Rotation: (0.0, 0.7, 0.0, 0.7)

Rotation: (0.0, 0.7, 0.0, 0.7)

Rotation: (0.0, 0.7, 0.0, 0.7)

Rotation: (0.0, 0.7, 0.0, 0.7)

Rotation: (0.0, 0.7, 0.0, 0.7)

Rotation: (0.0, 0.7, 0.0, 0.7)

Rotation: (0.0, 0.7, 0.0, 0.8)

Rotation: (0.0, 0.7, 0.0, 0.8)

Rotation: (0.0, 0.7, 0.0, 0.8)

Rotation: (0.0, 0.6, 0.0, 0.8)

Left clicked object: Walls at position (0.0, 0.0, 2.0)

Rotation: (0.0, 0.6, 0.0, 0.8)

Rotation: (0.0, 0.7, 0.0, 0.8)

Rotation: (0.0, 0.7, 0.0, 0.8)

Rotation: (0.0, 0.7, 0.0, 0.8)

Rotation: (0.0, 0.7, 0.0, 0.8)

Rotation: (0.0, 0.7, 0.0, 0.8)

Rotation: (0.0, 0.7, 0.0, 0.8)

Rotation: (0.0, 0.7, 0.0, 0.7)

Rotation: (0.0, 0.7, 0.0, 0.7)

Rotation: (0.0, 0.7, 0.0, 0.7)

Rotation: (0.0, 0.8, 0.0, 0.6)

Rotation: (0.0, 0.8, 0.0, 0.5)

Rotation: (0.0, 0.8, 0.0, 0.5)

Rotation: (0.0, 0.8, 0.0, 0.5)

Rotation: (0.0, 0.8, 0.0, 0.5)

Rotation: (0.0, 0.8, 0.0, 0.5)

Rotation: (0.0, 0.8, 0.0, 0.5)

Rotation: (0.0, 0.8, 0.0, 0.6)

Rotation: (0.0, 0.8, 0.0, 0.6)

Rotation: (0.0, 0.8, 0.0, 0.6)

Rotation: (0.0, 0.8, 0.0, 0.6)

Rotation: (0.0, 0.8, 0.0, 0.6)

Rotation: (0.0, 0.8, 0.0, 0.6)

Rotation: (0.0, 0.8, 0.0, 0.6)

Rotation: (0.0, 0.8, 0.0, 0.6)

Rotation: (0.0, 0.8, 0.0, 0.6)

Rotation: (0.0, 0.8, 0.0, 0.6)
Left clicked object: Walls at position (0.0, 0.0, 2.0)

Rotation: (0.0, 0.8, 0.0, 0.6)
[Log]Check Database Connection...
[Log]Opening WWW...
[Log]Connection is Good!
[Log]Pushing Messages
[Log]Attempted to push no messages
Rewired: Only one Rewired Input Manager may exist in a scene. This additional Rewired Input Manager game object will be deleted. You may see this warning if you are loading a new level that contains a Rewired Input Manager. If that's the case, you can safely ignore this warning. This warning will never be logged in a build.
[Log]Cursor No Longer Escaped
Leaving Scene: 
Loading Scene: GM_Uber
[Log]MessageHolder Counter: 0
[Log]Checking for Dupes
[Log]71
[Log]Write Training Started
[Log]Check Database Connection...
[Log]Opening WWW...
[Log]True 0
[Log]True 1
[Log]False 2
[Log]True 3
[Log]False 4
[Log]False 5
[Log]Checking for Dupes
[Log]71
[Log]Checking for Dupes
[Log]71
[Log]PPE: module started
UBER GAME STARTED

Rotation: (0.0, -0.6, 0.0, 0.8)

Rotation: (0.0, -0.6, 0.0, 0.8)
[Log]Connection is Good!
[Log]Pushing Messages
[Log]0: 3/11/2019 11:39:27 PM | Training Started
[Log]1: 3/11/2019 11:39:29 PM | Uber Started
[Log]2: 3/11/2019 11:39:29 PM | PPE: module started
[Log]The file EB0A191797624DD3A48FA681D3061212_03112019.xml exists.
[Log]Creating Form...
[Log]Form Created, Adding Fields...
[Log]Opening WWW...

Rotation: (0.0, 1.0, 0.0, -0.2)

Position: (900.2, 1.0, 327.5)
Rotation: (0.0, 1.0, 0.0, -0.2)

Position: (900.1, 1.0, 327.4)

Position: (899.9, 1.0, 327.2)
Rotation: (0.0, 0.9, 0.0, -0.3)

Position: (899.9, 1.0, 327.2)
Rotation: (0.0, 0.9, 0.0, -0.3)

Position: (899.8, 1.0, 327.0)
Right clicked object: Rail at position (867.6, 0.0, 287.4)

Position: (899.6, 1.0, 326.8)
[Log]events were inserted!
[Log]Successfully connected!Your data was recorded into eventtable

Position: (899.5, 1.0, 326.6)
Left clicked object: Rail at position (867.6, 0.0, 287.4)

Position: (899.5, 1.0, 326.6)

Position: (899.4, 1.0, 326.5)

Position: (899.4, 1.0, 326.5)

Position: (899.3, 1.0, 326.4)
[Log]events were inserted!
[Log]Successfully connected!Your data was recorded into eventtable

Position: (899.3, 1.0, 326.3)

Position: (899.3, 1.0, 326.3)

Position: (899.3, 1.0, 326.3)

Position: (899.2, 1.0, 326.2)

Position: (899.2, 1.0, 326.2)

Position: (899.2, 1.0, 326.2)

Position: (899.2, 1.0, 326.2)

Position: (899.2, 1.0, 326.2)
[Log]events were inserted!
[Log]Successfully connected!Your data was recorded into eventtable

Position: (899.2, 1.0, 326.1)

Position: (899.2, 1.0, 326.1)

Position: (899.1, 1.0, 326.1)

Position: (899.1, 1.0, 326.1)

Position: (899.1, 1.0, 326.1)

Position: (899.1, 1.0, 326.0)

Position: (899.1, 1.0, 326.0)

Position: (899.1, 1.0, 326.0)
Rotation: (0.0, 0.9, 0.0, -0.3)

Position: (899.0, 1.0, 325.9)
Rotation: (0.0, 0.9, 0.0, -0.3)

Position: (899.0, 1.0, 325.9)
Rotation: (0.0, 0.9, 0.0, -0.3)

Position: (898.9, 1.0, 325.7)
Rotation: (0.0, 0.9, 0.0, -0.3)

Position: (898.7, 1.0, 325.6)
Rotation: (0.0, 0.9, 0.0, -0.3)

Position: (898.7, 1.0, 325.6)
Rotation: (0.0, 0.9, 0.0, -0.3)

Position: (898.6, 1.0, 325.4)
Rotation: (0.0, 0.9, 0.0, -0.4)

Position: (898.5, 1.0, 325.2)
Rotation: (0.0, 0.9, 0.0, -0.4)

Position: (898.5, 1.0, 325.2)
Rotation: (0.0, 0.9, 0.0, -0.4)

Position: (898.3, 1.0, 325.1)
Rotation: (0.0, 0.9, 0.0, -0.4)

Position: (898.2, 1.0, 324.9)
Rotation: (0.0, 0.9, 0.0, -0.5)

Position: (898.2, 1.0, 324.9)
Rotation: (0.0, 0.9, 0.0, -0.5)

Position: (898.1, 1.0, 324.9)
Rotation: (0.0, 0.9, 0.0, -0.5)

Position: (898.1, 1.0, 324.8)
Rotation: (0.0, 0.9, 0.0, -0.5)

Position: (898.0, 1.0, 324.8)
Rotation: (0.0, 0.8, 0.0, -0.5)

Position: (898.0, 1.0, 324.8)
Rotation: (0.0, 0.8, 0.0, -0.5)

Position: (898.0, 1.0, 324.8)
Rotation: (0.0, 0.8, 0.0, -0.6)

Position: (898.0, 1.0, 324.7)
Rotation: (0.0, 0.8, 0.0, -0.6)

Position: (897.9, 1.0, 324.7)
Rotation: (0.0, 0.7, 0.0, -0.7)

Position: (897.9, 1.0, 324.7)
Rotation: (0.0, 0.6, 0.0, -0.8)

Position: (897.8, 1.0, 324.7)
Rotation: (0.0, 0.6, 0.0, -0.8)

Position: (897.7, 1.0, 324.7)
Rotation: (0.0, 0.5, 0.0, -0.9)

Position: (897.7, 1.0, 324.7)
Rotation: (0.0, 0.4, 0.0, -0.9)

Position: (897.5, 1.0, 324.8)
Rotation: (0.0, 0.4, 0.0, -0.9)
Right clicked object: Walls at position (893.3, 0.0, 334.5)

Position: (897.3, 1.0, 325.0)
Rotation: (0.0, 0.3, 0.0, -0.9)
Left clicked object: Walls at position (893.3, 0.0, 334.5)

Position: (897.2, 1.0, 325.1)
Rotation: (0.0, 0.3, 0.0, -0.9)

Position: (897.0, 1.0, 325.4)
Rotation: (0.0, 0.3, 0.0, -1.0)

Position: (896.8, 1.0, 325.6)
Rotation: (0.0, 0.2, 0.0, -1.0)

Position: (896.7, 1.0, 325.8)
Rotation: (0.0, 0.1, 0.0, -1.0)

Position: (896.6, 1.0, 326.0)
Rotation: (0.0, 0.1, 0.0, -1.0)

Position: (896.6, 1.0, 326.2)
Rotation: (0.0, 0.0, 0.0, -1.0)

Position: (896.5, 1.0, 326.5)
Rotation: (0.0, 0.0, 0.0, -1.0)

Position: (896.5, 1.0, 326.7)
Rotation: (0.0, 0.0, 0.0, 1.0)

Position: (896.5, 1.0, 326.9)
Rotation: (0.0, 0.0, 0.0, 1.0)

Position: (896.5, 1.0, 326.9)
Rotation: (0.0, 0.0, 0.0, 1.0)

Position: (896.5, 1.0, 327.2)
Rotation: (0.0, 0.0, 0.0, 1.0)

Position: (896.5, 1.0, 327.4)
Rotation: (0.0, 0.0, 0.0, 1.0)

Position: (896.5, 1.0, 327.6)
Rotation: (0.0, 0.0, 0.0, 1.0)

Position: (896.5, 1.0, 327.6)
Rotation: (0.0, 0.0, 0.0, 1.0)

Position: (896.5, 1.0, 327.9)
Rotation: (0.0, 0.0, 0.0, 1.0)

Position: (896.5, 1.0, 328.1)
Rotation: (0.0, 0.0, 0.0, -1.0)

Position: (896.5, 1.0, 328.1)
Rotation: (0.0, 0.0, 0.0, -1.0)

Position: (896.5, 1.0, 328.3)
Rotation: (0.0, 0.0, 0.0, -1.0)

Position: (896.4, 1.0, 328.5)
Rotation: (0.0, 0.1, 0.0, -1.0)

Position: (896.4, 1.0, 328.8)
Rotation: (0.0, 0.1, 0.0, -1.0)

Position: (896.4, 1.0, 328.8)
Rotation: (0.0, 0.1, 0.0, -1.0)

Position: (896.3, 1.0, 329.0)
Rotation: (0.0, 0.1, 0.0, -1.0)

Position: (896.2, 1.0, 329.2)
Rotation: (0.0, 0.2, 0.0, -1.0)

Position: (896.1, 1.0, 329.4)
Rotation: (0.0, 0.2, 0.0, -1.0)

Position: (896.0, 1.0, 329.6)
Rotation: (0.0, 0.2, 0.0, -1.0)

Position: (895.9, 1.0, 329.8)
Rotation: (0.0, 0.2, 0.0, -1.0)

Position: (895.7, 1.0, 330.2)
Rotation: (0.0, 0.2, 0.0, -1.0)

Position: (895.6, 1.0, 330.4)
Rotation: (0.0, 0.2, 0.0, -1.0)

Position: (895.5, 1.0, 330.6)
Rotation: (0.0, 0.3, 0.0, -1.0)

Position: (895.3, 1.0, 330.8)
Rotation: (0.0, 0.3, 0.0, -1.0)

Position: (895.2, 1.0, 331.0)
Rotation: (0.0, 0.3, 0.0, -1.0)

Position: (895.0, 1.0, 331.2)
Rotation: (0.0, 0.3, 0.0, -1.0)

Position: (894.7, 1.0, 331.5)
Rotation: (0.0, 0.3, 0.0, -0.9)

Position: (894.6, 1.0, 331.7)
Rotation: (0.0, 0.4, 0.0, -0.9)

Position: (894.4, 1.0, 331.9)
Rotation: (0.0, 0.4, 0.0, -0.9)

Position: (894.0, 1.0, 332.2)
Rotation: (0.0, 0.4, 0.0, -0.9)

Position: (893.9, 1.0, 332.3)
Rotation: (0.0, 0.4, 0.0, -0.9)

Position: (893.7, 1.0, 332.4)
Rotation: (0.0, 0.4, 0.0, -0.9)

Position: (893.5, 1.0, 332.2)
Rotation: (0.0, 0.4, 0.0, -0.9)

Position: (893.4, 1.0, 332.2)
Rotation: (0.0, 0.5, 0.0, -0.9)

Position: (893.4, 1.0, 332.2)
Rotation: (0.0, 0.5, 0.0, -0.9)

Position: (893.3, 1.0, 332.1)

Position: (893.3, 1.0, 332.1)

Position: (893.2, 1.0, 332.1)
Left clicked object: Door_Door at position (892.4, 0.0, 332.2)

Position: (893.2, 1.0, 332.0)
Rotation: (0.0, 0.5, 0.0, -0.9)

Position: (893.1, 1.0, 332.0)
Rotation: (0.0, 0.5, 0.0, -0.9)

Position: (893.1, 1.0, 332.0)
Rotation: (0.0, 0.4, 0.0, -0.9)

Position: (893.0, 1.0, 332.0)
Rotation: (0.0, 0.4, 0.0, -0.9)

Position: (893.0, 1.0, 332.0)
Rotation: (0.0, 0.4, 0.0, -0.9)

Position: (892.9, 1.0, 331.9)
Rotation: (0.0, 0.4, 0.0, -0.9)

Position: (892.8, 1.0, 332.0)
Rotation: (0.0, 0.3, 0.0, -0.9)

Position: (893.0, 1.0, 332.1)
Rotation: (0.0, 0.3, 0.0, -1.0)

Position: (892.9, 1.0, 332.3)
Rotation: (0.0, 0.2, 0.0, -1.0)

Position: (893.0, 1.0, 332.4)
Rotation: (0.0, 0.2, 0.0, -1.0)

Position: (892.9, 1.0, 332.6)
Rotation: (0.0, 0.2, 0.0, -1.0)

Position: (892.8, 1.0, 332.8)
Rotation: (0.0, 0.2, 0.0, -1.0)

Position: (892.7, 1.0, 333.0)
Rotation: (0.0, 0.2, 0.0, -1.0)

Position: (892.7, 1.0, 333.2)
Rotation: (0.0, 0.2, 0.0, -1.0)

Position: (892.6, 1.0, 333.5)
Rotation: (0.0, 0.2, 0.0, -1.0)

Position: (892.5, 1.0, 333.7)
Rotation: (0.0, 0.2, 0.0, -1.0)

Position: (892.4, 1.0, 333.9)
Rotation: (0.0, 0.2, 0.0, -1.0)

Position: (892.3, 1.0, 334.3)
Rotation: (0.0, 0.2, 0.0, -1.0)

Position: (892.2, 1.0, 334.5)
Rotation: (0.0, 0.2, 0.0, -1.0)

Position: (892.1, 1.0, 334.8)
Rotation: (0.0, 0.2, 0.0, -1.0)

Position: (892.0, 1.0, 335.0)
Rotation: (0.0, 0.3, 0.0, -1.0)

Position: (891.9, 1.0, 335.2)
Rotation: (0.0, 0.3, 0.0, -1.0)

Position: (891.7, 1.0, 335.4)
Rotation: (0.0, 0.3, 0.0, -1.0)

Position: (891.6, 1.0, 335.5)
Rotation: (0.0, 0.3, 0.0, -0.9)

Position: (891.5, 1.0, 335.7)
Rotation: (0.0, 0.3, 0.0, -0.9)

Position: (891.2, 1.0, 336.1)
Rotation: (0.0, 0.4, 0.0, -0.9)

Position: (891.0, 1.0, 336.2)
Rotation: (0.0, 0.4, 0.0, -0.9)

Position: (890.9, 1.0, 336.3)
Rotation: (0.0, 0.4, 0.0, -0.9)
Left clicked object: Door_Right at position (890.3, 0.0, 337.2)

Position: (890.9, 1.0, 336.3)
Rotation: (0.0, 0.4, 0.0, -0.9)

Position: (890.9, 1.0, 336.3)
Rotation: (0.0, 0.4, 0.0, -0.9)

Position: (890.8, 1.0, 336.3)
Rotation: (0.0, 0.4, 0.0, -0.9)

Position: (890.7, 1.0, 336.3)
Rotation: (0.0, 0.4, 0.0, -0.9)

Position: (890.7, 1.0, 336.3)
Rotation: (0.0, 0.4, 0.0, -0.9)

Position: (890.6, 1.0, 336.3)
Rotation: (0.0, 0.4, 0.0, -0.9)

Position: (890.6, 1.0, 336.3)
Rotation: (0.0, 0.4, 0.0, -0.9)

Position: (890.6, 1.0, 336.3)
Rotation: (0.0, 0.4, 0.0, -0.9)

Position: (890.5, 1.0, 336.3)
Rotation: (0.0, 0.4, 0.0, -0.9)

Position: (890.5, 1.0, 336.3)
Rotation: (0.0, 0.4, 0.0, -0.9)

Position: (890.5, 1.0, 336.3)
Rotation: (0.0, 0.4, 0.0, -0.9)

Position: (890.6, 1.0, 336.3)
Rotation: (0.0, 0.3, 0.0, -0.9)

Position: (890.7, 1.0, 336.2)
Rotation: (0.0, 0.3, 0.0, -0.9)

Position: (890.7, 1.0, 336.2)
Rotation: (0.0, 0.3, 0.0, -0.9)

Position: (890.7, 1.0, 336.1)
Rotation: (0.0, 0.3, 0.0, -0.9)

Position: (890.7, 1.0, 336.1)
Rotation: (0.0, 0.3, 0.0, -1.0)

Position: (890.7, 1.0, 336.1)
Rotation: (0.0, 0.3, 0.0, -1.0)
Left clicked object: Safety Vest at position (889.8, 1.1, 337.4)
[Log]STARTING ANIMATION

Position: (890.7, 1.0, 336.1)
Rotation: (0.0, 0.3, 0.0, -1.0)

Position: (890.7, 1.0, 336.1)
Rotation: (0.0, 0.3, 0.0, -1.0)

Position: (890.7, 1.0, 336.1)
Rotation: (0.0, 0.3, 0.0, -1.0)

Position: (890.7, 1.0, 336.1)
Rotation: (0.0, 0.3, 0.0, -1.0)

Position: (890.6, 1.0, 336.1)
Rotation: (0.0, 0.3, 0.0, -1.0)

Position: (890.6, 1.0, 336.1)
Rotation: (0.0, 0.3, 0.0, -1.0)

Position: (890.6, 1.0, 336.1)
Rotation: (0.0, 0.3, 0.0, -1.0)

Position: (890.6, 1.0, 336.1)
Rotation: (0.0, 0.2, 0.0, -1.0)

Position: (890.6, 1.0, 336.1)
Rotation: (0.0, 0.2, 0.0, -1.0)

Position: (890.6, 1.0, 336.1)
Rotation: (0.0, 0.2, 0.0, -1.0)

Position: (890.6, 1.0, 336.0)
Rotation: (0.0, 0.2, 0.0, -1.0)

Position: (890.6, 1.0, 336.0)
Rotation: (0.0, 0.2, 0.0, -1.0)

Position: (890.6, 1.0, 336.0)
Rotation: (0.0, 0.2, 0.0, -1.0)
Left clicked object: Walls at position (893.3, 0.0, 334.5)

Position: (890.5, 1.0, 336.0)
Rotation: (0.0, 0.2, 0.0, -1.0)

Position: (890.5, 1.0, 336.0)
Rotation: (0.0, 0.2, 0.0, -1.0)

Position: (890.5, 1.0, 336.0)
Rotation: (0.0, 0.2, 0.0, -1.0)

Position: (890.5, 1.0, 336.0)
Rotation: (0.0, 0.2, 0.0, -1.0)

Position: (890.5, 1.0, 336.0)
Rotation: (0.0, 0.2, 0.0, -1.0)

Position: (890.5, 1.0, 336.0)
Rotation: (0.0, 0.2, 0.0, -1.0)

Position: (890.5, 1.0, 336.0)
Rotation: (0.0, 0.2, 0.0, -1.0)

Rotation: (0.0, 0.2, 0.0, -1.0)

Rotation: (0.0, 0.2, 0.0, -1.0)
Left clicked object: Safety Vest at position (889.8, 1.1, 337.4)

Rotation: (0.0, 0.2, 0.0, -1.0)

Rotation: (0.0, 0.2, 0.0, -1.0)

Rotation: (0.0, 0.2, 0.0, -1.0)

Rotation: (0.0, 0.2, 0.0, -1.0)

Rotation: (0.0, 0.2, 0.0, -1.0)

Rotation: (0.0, 0.2, 0.0, -1.0)
Left clicked object: Walls at position (893.3, 0.0, 334.5)

Rotation: (0.0, 0.2, 0.0, -1.0)

Rotation: (0.0, 0.2, 0.0, -1.0)

Rotation: (0.0, 0.2, 0.0, -1.0)

Rotation: (0.0, 0.2, 0.0, -1.0)

Rotation: (0.0, 0.2, 0.0, -1.0)

Rotation: (0.0, 0.2, 0.0, -1.0)

Rotation: (0.0, 0.3, 0.0, -1.0)

Rotation: (0.0, 0.3, 0.0, -1.0)
Left clicked object: Walls at position (893.3, 0.0, 334.5)

Rotation: (0.0, 0.3, 0.0, -1.0)

Rotation: (0.0, 0.3, 0.0, -1.0)

Rotation: (0.0, 0.3, 0.0, -1.0)

Rotation: (0.0, 0.3, 0.0, -1.0)

Rotation: (0.0, 0.3, 0.0, -1.0)

Left clicked object: Walls at position (893.3, 0.0, 334.5)

Rotation: (0.0, 0.3, 0.0, -1.0)

Rotation: (0.0, 0.3, 0.0, -1.0)

Rotation: (0.0, 0.2, 0.0, -1.0)

Rotation: (0.0, 0.1, 0.0, -1.0)

Rotation: (0.0, -0.2, 0.0, -1.0)

Rotation: (0.0, 0.4, 0.0, 0.9)

Rotation: (0.0, 0.4, 0.0, 0.9)

Rotation: (0.0, 0.6, 0.0, 0.8)

Rotation: (0.0, 0.6, 0.0, 0.8)

Rotation: (0.0, 0.7, 0.0, 0.7)

Rotation: (0.0, 0.7, 0.0, 0.7)

Rotation: (0.0, 0.7, 0.0, 0.7)

Rotation: (0.0, 0.7, 0.0, 0.7)

Rotation: (0.0, 0.7, 0.0, 0.7)

Rotation: (0.0, 0.7, 0.0, 0.7)

Rotation: (0.0, 0.7, 0.0, 0.7)

Position: (890.5, 1.0, 336.0)

Position: (890.5, 1.0, 336.0)

Position: (890.5, 1.0, 336.0)

Position: (890.5, 1.0, 336.0)

Position: (890.5, 1.0, 336.0)

Position: (890.5, 1.0, 336.0)

Position: (890.6, 1.0, 336.0)

Position: (890.6, 1.0, 336.0)

Position: (890.6, 1.0, 336.0)

Position: (890.6, 1.0, 336.0)

Position: (890.6, 1.0, 336.0)
Rotation: (0.0, 0.7, 0.0, 0.7)

Position: (890.7, 1.0, 336.0)
Rotation: (0.0, 0.7, 0.0, 0.7)

Position: (890.7, 1.0, 336.0)
Rotation: (0.0, 0.7, 0.0, 0.7)

Position: (890.8, 1.0, 336.0)
Rotation: (0.0, 0.7, 0.0, 0.7)

Position: (890.8, 1.0, 336.0)
Rotation: (0.0, 0.7, 0.0, 0.7)

Position: (890.9, 1.0, 336.0)
Rotation: (0.0, 0.7, 0.0, 0.7)

Position: (890.9, 1.0, 336.0)
Rotation: (0.0, 0.7, 0.0, 0.7)

Position: (891.1, 1.0, 336.0)
Rotation: (0.0, 0.7, 0.0, 0.7)

Position: (891.1, 1.0, 336.0)
Rotation: (0.0, 0.7, 0.0, 0.7)

Position: (891.2, 1.0, 336.1)
Rotation: (0.0, 0.7, 0.0, 0.7)

Position: (891.2, 1.0, 336.1)
Rotation: (0.0, 0.7, 0.0, 0.7)

Position: (891.4, 1.0, 336.1)
Rotation: (0.0, 0.7, 0.0, 0.7)

Position: (891.4, 1.0, 336.1)
Rotation: (0.0, 0.7, 0.0, 0.7)

Position: (891.5, 1.0, 336.1)
Rotation: (0.0, 0.7, 0.0, 0.7)

Position: (891.5, 1.0, 336.1)
Rotation: (0.0, 0.7, 0.0, 0.7)

Position: (891.7, 1.0, 336.1)
Rotation: (0.0, 0.7, 0.0, 0.7)

Position: (891.7, 1.0, 336.1)
Rotation: (0.0, 0.7, 0.0, 0.7)

Position: (891.9, 1.0, 336.1)
Rotation: (0.0, 0.7, 0.0, 0.7)

Position: (891.9, 1.0, 336.1)
Rotation: (0.0, 0.7, 0.0, 0.7)

Position: (892.1, 1.0, 336.0)
Rotation: (0.0, 0.8, 0.0, 0.7)

Position: (892.1, 1.0, 336.0)
Rotation: (0.0, 0.8, 0.0, 0.7)

Position: (892.3, 1.0, 336.0)
Rotation: (0.0, 0.8, 0.0, 0.6)

Position: (892.3, 1.0, 336.0)
Rotation: (0.0, 0.8, 0.0, 0.6)

Position: (892.5, 1.0, 336.0)
Rotation: (0.0, 0.8, 0.0, 0.6)

Position: (892.5, 1.0, 336.0)
Rotation: (0.0, 0.8, 0.0, 0.6)

Position: (892.8, 1.0, 335.9)
Rotation: (0.0, 0.8, 0.0, 0.6)

Position: (892.8, 1.0, 335.9)
Rotation: (0.0, 0.8, 0.0, 0.6)

Position: (893.0, 1.0, 335.9)
Rotation: (0.0, 0.8, 0.0, 0.6)

Position: (893.0, 1.0, 335.9)
Rotation: (0.0, 0.8, 0.0, 0.6)

Position: (893.0, 1.0, 335.9)
Rotation: (0.0, 0.8, 0.0, 0.6)

Position: (893.0, 1.0, 335.9)
Rotation: (0.0, 0.8, 0.0, 0.6)

Position: (893.1, 1.0, 335.8)
Rotation: (0.0, 0.8, 0.0, 0.6)

Position: (893.1, 1.0, 335.8)
Rotation: (0.0, 0.8, 0.0, 0.6)

Position: (893.1, 1.0, 335.8)

Position: (893.1, 1.0, 335.8)

Position: (893.1, 1.0, 335.8)

Position: (893.2, 1.0, 335.8)

Position: (893.2, 1.0, 335.8)

Position: (893.2, 1.0, 335.8)
Rotation: (0.0, 0.8, 0.0, 0.6)

Position: (893.2, 1.0, 335.8)
Rotation: (0.0, 0.8, 0.0, 0.6)

Position: (893.3, 1.0, 335.8)
Rotation: (0.0, 0.8, 0.0, 0.5)

Position: (893.3, 1.0, 335.8)
Rotation: (0.0, 0.8, 0.0, 0.5)

Position: (893.3, 1.0, 335.7)
Rotation: (0.0, 0.9, 0.0, 0.5)

Position: (893.3, 1.0, 335.7)
Rotation: (0.0, 0.9, 0.0, 0.5)

Position: (893.4, 1.0, 335.7)
Rotation: (0.0, 0.9, 0.0, 0.5)

Position: (893.4, 1.0, 335.7)
Rotation: (0.0, 0.9, 0.0, 0.5)

Position: (893.4, 1.0, 335.7)
Rotation: (0.0, 0.9, 0.0, 0.5)

Position: (893.4, 1.0, 335.7)
Rotation: (0.0, 0.9, 0.0, 0.5)

Position: (893.4, 1.0, 335.7)
Rotation: (0.0, 0.9, 0.0, 0.4)

Position: (893.4, 1.0, 335.7)
Rotation: (0.0, 0.9, 0.0, 0.4)

Position: (893.5, 1.0, 335.6)
Rotation: (0.0, 0.9, 0.0, 0.4)

Position: (893.5, 1.0, 335.6)
Rotation: (0.0, 0.9, 0.0, 0.4)

Position: (893.5, 1.0, 335.6)

Position: (893.5, 1.0, 335.6)
Left clicked object: GlovesParent at position (894.3, 1.0, 334.7)

Position: (893.6, 1.0, 335.6)

Position: (893.6, 1.0, 335.6)

Position: (893.6, 1.0, 335.6)

Position: (893.6, 1.0, 335.5)

Position: (893.6, 1.0, 335.5)

Position: (893.6, 1.0, 335.5)
Rotation: (0.0, 0.9, 0.0, 0.4)

Position: (893.7, 1.0, 335.5)
Rotation: (0.0, 0.9, 0.0, 0.4)

Position: (893.7, 1.0, 335.5)
Rotation: (0.0, 0.9, 0.0, 0.4)

Position: (893.7, 1.0, 335.5)
Rotation: (0.0, 0.9, 0.0, 0.4)

Position: (893.7, 1.0, 335.5)
Rotation: (0.0, 0.9, 0.0, 0.4)

Position: (893.7, 1.0, 335.5)
Rotation: (0.0, 0.9, 0.0, 0.5)

Position: (893.7, 1.0, 335.5)
Rotation: (0.0, 0.9, 0.0, 0.5)

Position: (893.8, 1.0, 335.4)
Rotation: (0.0, 0.9, 0.0, 0.5)

Position: (893.8, 1.0, 335.4)
Rotation: (0.0, 0.9, 0.0, 0.5)

Position: (893.8, 1.0, 335.4)
Rotation: (0.0, 0.9, 0.0, 0.5)

Position: (893.8, 1.0, 335.4)
Rotation: (0.0, 0.9, 0.0, 0.5)
Left clicked object: Walls at position (893.3, 0.0, 334.5)

Position: (893.8, 1.0, 335.4)
Rotation: (0.0, 0.9, 0.0, 0.5)

Position: (893.8, 1.0, 335.4)

Position: (893.8, 1.0, 335.4)

Position: (893.9, 1.0, 335.4)
Rotation: (0.0, 0.9, 0.0, 0.5)

Position: (893.9, 1.0, 335.4)

Position: (893.9, 1.0, 335.3)
Rotation: (0.0, 0.9, 0.0, 0.5)

Position: (893.9, 1.0, 335.3)
Rotation: (0.0, 0.9, 0.0, 0.5)

Position: (893.9, 1.0, 335.3)
Rotation: (0.0, 0.9, 0.0, 0.5)

Position: (893.9, 1.0, 335.3)
Rotation: (0.0, 0.9, 0.0, 0.5)

Position: (893.9, 1.0, 335.3)
Rotation: (0.0, 0.9, 0.0, 0.5)

Position: (893.9, 1.0, 335.3)
Rotation: (0.0, 0.9, 0.0, 0.5)

Position: (893.9, 1.0, 335.3)
Rotation: (0.0, 0.9, 0.0, 0.5)

Position: (893.9, 1.0, 335.3)
Rotation: (0.0, 0.9, 0.0, 0.5)

Rotation: (0.0, 0.9, 0.0, 0.5)

Rotation: (0.0, 0.9, 0.0, 0.5)

Left clicked object: Walls at position (893.3, 0.0, 334.5)

Rotation: (0.0, 0.9, 0.0, 0.5)

Rotation: (0.0, 0.9, 0.0, 0.5)

Rotation: (0.0, 0.9, 0.0, 0.5)

Rotation: (0.0, 0.9, 0.0, 0.5)

Rotation: (0.0, 0.9, 0.0, 0.5)

Rotation: (0.0, 0.9, 0.0, 0.5)

Rotation: (0.0, 0.9, 0.0, 0.5)

Rotation: (0.0, 0.9, 0.0, 0.5)

Rotation: (0.0, 0.8, 0.0, 0.5)

Rotation: (0.0, 0.8, 0.0, 0.5)

Rotation: (0.0, 0.8, 0.0, 0.5)

Rotation: (0.0, 0.8, 0.0, 0.5)

Rotation: (0.0, 0.8, 0.0, 0.5)

Rotation: (0.0, 0.8, 0.0, 0.5)
Left clicked object: Walls at position (893.3, 0.0, 334.5)

Rotation: (0.0, 0.8, 0.0, 0.5)

Rotation: (0.0, 0.8, 0.0, 0.5)

Rotation: (0.0, 0.8, 0.0, 0.5)

Rotation: (0.0, 0.8, 0.0, 0.6)

Rotation: (0.0, 0.8, 0.0, 0.6)

Rotation: (0.0, 0.8, 0.0, 0.6)

Rotation: (0.0, 0.8, 0.0, 0.6)

Rotation: (0.0, 0.8, 0.0, 0.6)

Rotation: (0.0, 0.8, 0.0, 0.6)

Rotation: (0.0, 0.8, 0.0, 0.6)

Rotation: (0.0, 0.8, 0.0, 0.6)

Rotation: (0.0, 0.8, 0.0, 0.6)

Rotation: (0.0, 0.8, 0.0, 0.6)
Left clicked object: Walls at position (893.3, 0.0, 334.5)

Rotation: (0.0, 0.8, 0.0, 0.6)

Rotation: (0.0, 0.8, 0.0, 0.6)

Rotation: (0.0, 0.8, 0.0, 0.6)

Rotation: (0.0, 0.8, 0.0, 0.6)

Rotation: (0.0, 0.8, 0.0, 0.6)

Rotation: (0.0, 0.8, 0.0, 0.6)

Rotation: (0.0, 0.8, 0.0, 0.6)

Rotation: (0.0, 0.8, 0.0, 0.6)

Rotation: (0.0, 0.8, 0.0, 0.6)

Rotation: (0.0, 0.8, 0.0, 0.6)

Rotation: (0.0, 0.8, 0.0, 0.6)

Rotation: (0.0, 0.8, 0.0, 0.6)

Rotation: (0.0, 0.8, 0.0, 0.6)
Left clicked object: REAct™ at position (894.9, 1.0, 335.0)
[Log]STARTING ANIMATION

Rotation: (0.0, 0.8, 0.0, 0.6)

Rotation: (0.0, 0.8, 0.0, 0.6)

Rotation: (0.0, 0.8, 0.0, 0.6)

Rotation: (0.0, 0.8, 0.0, 0.6)

Rotation: (0.0, 0.8, 0.0, 0.6)

Rotation: (0.0, 0.8, 0.0, 0.6)

Rotation: (0.0, 0.8, 0.0, 0.6)

Rotation: (0.0, 0.8, 0.0, 0.6)

Rotation: (0.0, 0.8, 0.0, 0.6)

Rotation: (0.0, 0.8, 0.0, 0.7)

Rotation: (0.0, 0.8, 0.0, 0.7)

Rotation: (0.0, 0.8, 0.0, 0.7)

Rotation: (0.0, 0.7, 0.0, 0.7)

Rotation: (0.0, 0.7, 0.0, 0.7)

Rotation: (0.0, 0.7, 0.0, 0.7)

Rotation: (0.0, 0.7, 0.0, 0.7)

Rotation: (0.0, 0.7, 0.0, 0.7)

Rotation: (0.0, 0.7, 0.0, 0.7)

Rotation: (0.0, 0.7, 0.0, 0.7)

Rotation: (0.0, 0.7, 0.0, 0.7)

Rotation: (0.0, 0.6, 0.0, 0.8)

Rotation: (0.0, 0.6, 0.0, 0.8)

Rotation: (0.0, 0.5, 0.0, 0.8)

Rotation: (0.0, 0.5, 0.0, 0.8)

Rotation: (0.0, 0.5, 0.0, 0.9)

Rotation: (0.0, 0.5, 0.0, 0.9)

Rotation: (0.0, 0.5, 0.0, 0.9)

Rotation: (0.0, 0.4, 0.0, 0.9)

Rotation: (0.0, 0.4, 0.0, 0.9)

Rotation: (0.0, 0.4, 0.0, 0.9)

Rotation: (0.0, 0.4, 0.0, 0.9)

Rotation: (0.0, 0.4, 0.0, 0.9)

Rotation: (0.0, 0.4, 0.0, 0.9)

Rotation: (0.0, 0.4, 0.0, 0.9)

Rotation: (0.0, 0.4, 0.0, 0.9)

Rotation: (0.0, 0.3, 0.0, 1.0)

Rotation: (0.0, 0.3, 0.0, 1.0)

Rotation: (0.0, 0.2, 0.0, 1.0)

Rotation: (0.0, 0.2, 0.0, 1.0)

Rotation: (0.0, 0.1, 0.0, 1.0)

Rotation: (0.0, 0.1, 0.0, 1.0)

Rotation: (0.0, 0.1, 0.0, 1.0)

Rotation: (0.0, 0.0, 0.0, 1.0)

Position: (893.9, 1.0, 335.3)

Position: (893.9, 1.0, 335.3)

Position: (893.9, 1.0, 335.3)
Rotation: (0.0, 0.0, 0.0, 1.0)

Position: (893.9, 1.0, 335.3)
Rotation: (0.0, 0.0, 0.0, 1.0)

Position: (893.9, 1.0, 335.4)
Rotation: (0.0, 0.0, 0.0, 1.0)

Position: (893.9, 1.0, 335.4)
Rotation: (0.0, 0.0, 0.0, 1.0)

Position: (893.9, 1.0, 335.5)
Rotation: (0.0, 0.0, 0.0, 1.0)

Position: (893.9, 1.0, 335.5)
Rotation: (0.0, 0.0, 0.0, 1.0)

Position: (893.9, 1.0, 335.6)
Rotation: (0.0, 0.1, 0.0, -1.0)

Position: (893.9, 1.0, 335.7)
Rotation: (0.0, 0.1, 0.0, -1.0)

Position: (893.9, 1.0, 335.8)
Rotation: (0.0, 0.1, 0.0, -1.0)

Position: (893.9, 1.0, 335.8)
Rotation: (0.0, 0.1, 0.0, -1.0)

Position: (893.9, 1.0, 336.0)
Rotation: (0.0, 0.1, 0.0, -1.0)

Position: (893.9, 1.0, 336.1)
Rotation: (0.0, 0.2, 0.0, -1.0)

Position: (893.8, 1.0, 336.3)
Rotation: (0.0, 0.2, 0.0, -1.0)

Position: (893.7, 1.0, 336.4)
Rotation: (0.0, 0.2, 0.0, -1.0)

Position: (893.7, 1.0, 336.6)
Rotation: (0.0, 0.3, 0.0, -1.0)

Position: (893.3, 1.0, 337.1)
Rotation: (0.0, 0.4, 0.0, -0.9)

Position: (893.2, 1.0, 337.2)
Rotation: (0.0, 0.4, 0.0, -0.9)

Position: (893.2, 1.0, 337.2)

Position: (893.0, 1.0, 337.4)

Position: (892.9, 1.0, 337.4)

Position: (892.9, 1.0, 337.4)

Position: (892.9, 1.0, 337.4)

Position: (892.9, 1.0, 337.4)
Rotation: (0.0, 0.4, 0.0, -0.9)

Position: (892.9, 1.0, 337.4)
Rotation: (0.0, 0.4, 0.0, -0.9)

Position: (892.8, 1.0, 337.5)
Rotation: (0.0, 0.4, 0.0, -0.9)

Position: (892.8, 1.0, 337.5)
Rotation: (0.0, 0.4, 0.0, -0.9)

Position: (892.8, 1.0, 337.5)
Rotation: (0.0, 0.4, 0.0, -0.9)

Position: (892.7, 1.0, 337.5)
Rotation: (0.0, 0.4, 0.0, -0.9)

Position: (892.7, 1.0, 337.5)
Left clicked object: Walls at position (893.3, 0.0, 334.5)

Position: (892.7, 1.0, 337.5)
Rotation: (0.0, 0.4, 0.0, -0.9)

Position: (892.7, 1.0, 337.5)
Rotation: (0.0, 0.4, 0.0, -0.9)

Position: (892.6, 1.0, 337.5)
Rotation: (0.0, 0.4, 0.0, -0.9)

Position: (892.6, 1.0, 337.6)
Rotation: (0.0, 0.4, 0.0, -0.9)

Position: (892.6, 1.0, 337.6)
Rotation: (0.0, 0.4, 0.0, -0.9)

Position: (892.6, 1.0, 337.6)
Rotation: (0.0, 0.4, 0.0, -0.9)

Position: (892.5, 1.0, 337.6)
Rotation: (0.0, 0.4, 0.0, -0.9)

Position: (892.5, 1.0, 337.6)
Rotation: (0.0, 0.4, 0.0, -0.9)

Position: (892.5, 1.0, 337.6)
Rotation: (0.0, 0.3, 0.0, -1.0)

Position: (892.5, 1.0, 337.6)
Rotation: (0.0, 0.2, 0.0, -1.0)

Position: (892.5, 1.0, 337.6)
Rotation: (0.0, 0.2, 0.0, -1.0)

Position: (892.5, 1.0, 337.6)
Rotation: (0.0, 0.2, 0.0, -1.0)
Left clicked object: Desk_Metal_01 at position (892.9, 0.0, 339.1)

Rotation: (0.0, 0.2, 0.0, -1.0)

Rotation: (0.0, 0.2, 0.0, -1.0)

Rotation: (0.0, 0.2, 0.0, -1.0)

Rotation: (0.0, 0.1, 0.0, -1.0)

Rotation: (0.0, 0.1, 0.0, -1.0)

Rotation: (0.0, 0.1, 0.0, -1.0)

Rotation: (0.0, 0.1, 0.0, -1.0)

Rotation: (0.0, 0.1, 0.0, -1.0)

Rotation: (0.0, 0.1, 0.0, -1.0)

Rotation: (0.0, 0.0, 0.0, -1.0)
Left clicked object: Safety Glasses at position (892.4, 1.0, 338.4)
[Log]Checking for Dupes
[Log]71
[Log]PPE: module complete
[Log]Checking for Dupes
[Log]71
[Log]PPE: module ended
[Log]Checking for Dupes
[Log]71
[Log]Comms: module started
[Log]Checking for Dupes
[Log]71
[Log]Comms: RadioPickup> submodule started

Rotation: (0.0, 0.1, 0.0, 1.0)

Rotation: (0.0, 0.1, 0.0, 1.0)

Rotation: (0.0, 0.1, 0.0, 1.0)

Rotation: (0.0, 0.2, 0.0, 1.0)

Rotation: (0.0, 0.2, 0.0, 1.0)

Rotation: (0.0, 0.2, 0.0, 1.0)

Rotation: (0.0, 0.2, 0.0, 1.0)

Rotation: (0.0, 0.2, 0.0, 1.0)
Left clicked object: Desk_Metal_01 at position (892.9, 0.0, 339.1)

Rotation: (0.0, 0.2, 0.0, 1.0)

Rotation: (0.0, 0.2, 0.0, 1.0)

Rotation: (0.0, 0.2, 0.0, 1.0)

Rotation: (0.0, 0.3, 0.0, 1.0)

Rotation: (0.0, 0.3, 0.0, 1.0)

Rotation: (0.0, 0.3, 0.0, 1.0)

Rotation: (0.0, 0.3, 0.0, 1.0)

Rotation: (0.0, 0.3, 0.0, 1.0)

Rotation: (0.0, 0.3, 0.0, 1.0)

Rotation: (0.0, 0.3, 0.0, 1.0)

Rotation: (0.0, 0.3, 0.0, 1.0)

Rotation: (0.0, 0.3, 0.0, 1.0)

Rotation: (0.0, 0.3, 0.0, 1.0)

Rotation: (0.0, 0.2, 0.0, 1.0)

Rotation: (0.0, 0.2, 0.0, 1.0)
Left clicked object: Desk_Metal_01 at position (892.9, 0.0, 339.1)

Rotation: (0.0, 0.2, 0.0, 1.0)

Rotation: (0.0, 0.2, 0.0, 1.0)

Rotation: (0.0, 0.2, 0.0, 1.0)

Rotation: (0.0, 0.2, 0.0, 1.0)

Rotation: (0.0, 0.2, 0.0, 1.0)

Rotation: (0.0, 0.2, 0.0, 1.0)

Rotation: (0.0, 0.2, 0.0, 1.0)

Rotation: (0.0, 0.2, 0.0, 1.0)

Rotation: (0.0, 0.2, 0.0, 1.0)

Rotation: (0.0, 0.2, 0.0, 1.0)

Left clicked object: Interactable Radio at position (892.7, 1.0, 338.6)
[Log]Checking for Dupes
[Log]71
[Log]Comms: RadioPickup> submodule completed
[Log]Checking for Dupes
[Log]71
[Log]Comms: RadioPickup> submodule ended
[Log]Checking for Dupes
[Log]71
[Log]Comms: RadioCheck> submodule started

Rotation: (0.0, 0.2, 0.0, 1.0)

Rotation: (0.0, 0.2, 0.0, 1.0)

Rotation: (0.0, 0.2, 0.0, 1.0)

Rotation: (0.0, 0.2, 0.0, 1.0)

Rotation: (0.0, 0.2, 0.0, 1.0)

Rotation: (0.0, 0.2, 0.0, 1.0)

Rotation: (0.0, 0.2, 0.0, 1.0)

Rotation: (0.0, 0.2, 0.0, 1.0)

Rotation: (0.0, 0.2, 0.0, 1.0)

Rotation: (0.0, 0.2, 0.0, 1.0)

Rotation: (0.0, 0.2, 0.0, 1.0)
Left clicked object: Desk_Metal_01 at position (892.9, 0.0, 339.1)

Rotation: (0.0, 0.2, 0.0, 1.0)

Rotation: (0.0, 0.2, 0.0, 1.0)

Rotation: (0.0, 0.2, 0.0, 1.0)

Rotation: (0.0, 0.2, 0.0, 1.0)

Rotation: (0.0, 0.2, 0.0, 1.0)

Rotation: (0.0, 0.2, 0.0, 1.0)

Rotation: (0.0, 0.2, 0.0, 1.0)

Rotation: (0.0, 0.2, 0.0, 1.0)

Rotation: (0.0, 0.2, 0.0, 1.0)

Rotation: (0.0, 0.2, 0.0, 1.0)

Rotation: (0.0, 0.2, 0.0, 1.0)

Rotation: (0.0, 0.2, 0.0, 1.0)

Rotation: (0.0, 0.2, 0.0, 1.0)

Rotation: (0.0, 0.1, 0.0, 1.0)

Rotation: (0.0, 0.0, 0.0, 1.0)

Rotation: (0.0, 0.0, 0.0, 1.0)

Rotation: (0.0, -0.1, 0.0, 1.0)

Rotation: (0.0, 0.3, 0.0, -0.9)

Rotation: (0.0, 0.6, 0.0, -0.8)

Rotation: (0.0, 0.7, 0.0, -0.7)

Rotation: (0.0, 0.7, 0.0, -0.7)

Rotation: (0.0, 0.7, 0.0, -0.7)

Rotation: (0.0, 0.7, 0.0, -0.7)

Rotation: (0.0, 0.7, 0.0, -0.7)

Rotation: (0.0, 0.8, 0.0, -0.6)

Rotation: (0.0, 0.9, 0.0, -0.4)

Rotation: (0.0, 1.0, 0.0, -0.2)

Rotation: (0.0, 1.0, 0.0, 0.0)

Rotation: (0.0, 1.0, 0.0, 0.0)

Rotation: (0.0, 1.0, 0.0, 0.1)

Rotation: (0.0, 1.0, 0.0, 0.1)

Rotation: (0.0, 1.0, 0.0, 0.1)

Rotation: (0.0, 1.0, 0.0, 0.1)

Rotation: (0.0, 1.0, 0.0, 0.1)

Rotation: (0.0, 1.0, 0.0, 0.1)

Rotation: (0.0, 1.0, 0.0, 0.1)

Rotation: (0.0, 1.0, 0.0, 0.1)

Rotation: (0.0, 1.0, 0.0, 0.1)

Rotation: (0.0, 1.0, 0.0, 0.1)

Rotation: (0.0, 1.0, 0.0, 0.1)

Rotation: (0.0, 1.0, 0.0, 0.0)

Rotation: (0.0, 1.0, 0.0, 0.0)

Rotation: (0.0, 1.0, 0.0, 0.0)

Rotation: (0.0, 1.0, 0.0, 0.0)

Rotation: (0.0, 1.0, 0.0, 0.0)

Rotation: (0.0, 1.0, 0.0, 0.0)

Rotation: (0.0, 1.0, 0.0, 0.0)

Rotation: (0.0, 1.0, 0.0, 0.0)

Rotation: (0.0, 1.0, 0.0, 0.0)

Rotation: (0.0, 1.0, 0.0, 0.0)

Rotation: (0.0, 1.0, 0.0, 0.0)

Rotation: (0.0, 1.0, 0.0, 0.0)

Rotation: (0.0, 1.0, 0.0, 0.0)

Rotation: (0.0, 1.0, 0.0, 0.0)

Rotation: (0.0, 1.0, 0.0, 0.0)

Rotation: (0.0, 1.0, 0.0, 0.0)

Rotation: (0.0, 1.0, 0.0, 0.0)

Rotation: (0.0, 1.0, 0.0, 0.0)

Rotation: (0.0, 1.0, 0.0, 0.0)

Opened radio wheel
Opened radio wheel
[Log]Cursor Escaped

Rotation: (0.0, 1.0, 0.0, 0.0)

Rotation: (0.0, 1.0, 0.0, 0.0)

Rotation: (0.0, 1.0, 0.0, 0.0)

Rotation: (0.0, 1.0, 0.0, 0.0)

Rotation: (0.0, 1.0, 0.0, 0.0)

Rotation: (0.0, 1.0, 0.0, 0.0)

Rotation: (0.0, 1.0, 0.0, 0.0)

Rotation: (0.0, 1.0, 0.0, 0.0)

Rotation: (0.0, 1.0, 0.0, 0.0)

Rotation: (0.0, 1.0, 0.0, 0.0)

Rotation: (0.0, 1.0, 0.0, 0.0)

Rotation: (0.0, 1.0, 0.0, 0.0)

Rotation: (0.0, 1.0, 0.0, 0.0)

Rotation: (0.0, 1.0, 0.0, 0.0)

Rotation: (0.0, 1.0, 0.0, 0.0)

Rotation: (0.0, 1.0, 0.0, 0.0)

Rotation: (0.0, 1.0, 0.0, 0.0)

Rotation: (0.0, 1.0, 0.0, 0.0)

Rotation: (0.0, 1.0, 0.0, 0.0)

Rotation: (0.0, 1.0, 0.0, 0.0)

Rotation: (0.0, 1.0, 0.0, 0.0)

Rotation: (0.0, 1.0, 0.0, 0.0)

Rotation: (0.0, 1.0, 0.0, 0.0)

Rotation: (0.0, 1.0, 0.0, 0.0)

Rotation: (0.0, 1.0, 0.0, 0.0)

Rotation: (0.0, 1.0, 0.0, 0.0)

Rotation: (0.0, 1.0, 0.0, 0.0)

Left clicked object: Rail at position (895.6, 0.0, 287.4)

Rotation: (0.0, 1.0, 0.0, 0.0)
RadioWheel
[Log]Checking for Dupes
[Log]71
[Log]Comms: RadioCheck> submodule completed
[Log]Checking for Dupes
[Log]71
[Log]Comms: RadioCheck> submodule ended
[Log]Checking for Dupes
[Log]71
[Log]Comms: module complete
[Log]Checking for Dupes
[Log]71
[Log]Comms: module ended
[Log]Checking for Dupes
[Log]71
[Log]Loading Racks: module started
[Log]Saving progress: Loading Racks
[Log]Checking for Dupes
[Log]71
[Log]Check Database Connection...
[Log]Opening WWW...
[Log]Checking for Dupes
[Log]71
[Log]Loading Racks: ZoneEnter> submodule started
[Log]Connection is Good!
[Log]Cursor No Longer Escaped
[Log]Pushing Messages
[Log]0: 3/11/2019 11:39:40 PM | PPE: module complete
[Log]1: 3/11/2019 11:39:40 PM | PPE: module ended
[Log]2: 3/11/2019 11:39:40 PM | Comms: module started
[Log]3: 3/11/2019 11:39:40 PM | Comms: RadioPickup> submodule started
[Log]4: 3/11/2019 11:39:40 PM | Comms: RadioPickup> submodule completed
[Log]5: 3/11/2019 11:39:40 PM | Comms: RadioPickup> submodule ended
[Log]6: 3/11/2019 11:39:40 PM | Comms: RadioCheck> submodule started
[Log]7: 3/11/2019 11:39:45 PM | Comms: RadioCheck> submodule completed
[Log]8: 3/11/2019 11:39:45 PM | Comms: RadioCheck> submodule ended
[Log]9: 3/11/2019 11:39:45 PM | Comms: module complete
[Log]10: 3/11/2019 11:39:45 PM | Comms: module ended
[Log]11: 3/11/2019 11:39:45 PM | Loading Racks: module started
[Log]12: 3/11/2019 11:39:45 PM | 1
[Log]13: 3/11/2019 11:39:45 PM | Loading Racks: ZoneEnter> submodule started
[Log]The file EB0A191797624DD3A48FA681D3061212_03112019.xml exists.
[Log]Creating Form...
[Log]Form Created, Adding Fields...
[Log]Opening WWW...

Rotation: (0.0, 1.0, 0.0, 0.0)
[Log]events were inserted!
[Log]Successfully connected!Your data was recorded into eventtable
[Log]events were inserted!
[Log]Successfully connected!Your data was recorded into eventtable
[Log]events were inserted!
[Log]Successfully connected!Your data was recorded into eventtable
[Log]events were inserted!
[Log]Successfully connected!Your data was recorded into eventtable
[Log]events were inserted!
[Log]Successfully connected!Your data was recorded into eventtable
[Log]events were inserted!
[Log]Successfully connected!Your data was recorded into eventtable
[Log]events were inserted!
[Log]Successfully connected!Your data was recorded into eventtable
[Log]events were inserted!
[Log]Successfully connected!Your data was recorded into eventtable
[Log]events were inserted!
[Log]Successfully connected!Your data was recorded into eventtable
[Log]events were inserted!
[Log]Successfully connected!Your data was recorded into eventtable
[Log]events were inserted!
[Log]Successfully connected!Your data was recorded into eventtable
[Log]events were inserted!
[Log]Successfully connected!Your data was recorded into eventtable
[Log]Sending:  1
[Log]checkpoint was inserted!
[Log]Successfully connected to ComprehensiveCheckpoint.php 
Your data was updated into RulebookUberSavepoints
[Log]events were inserted!
[Log]Successfully connected!
[Log]events were inserted!
[Log]Successfully connected!Your data was recorded into eventtable
